<?xml version="1.0" encoding="UTF-8"?>
<coverage generated="1610124916564" clover="3.2.0">
  <project timestamp="1610124916564" name="All files">
    <metrics statements="222" coveredstatements="155" conditionals="75" coveredconditionals="57" methods="52" coveredmethods="39" elements="349" coveredelements="251" complexity="0" loc="222" ncloc="222" packages="1" files="1" classes="1"/>
    <file name="index.js" path="/Users/mlomboglia/Desktop/alexa/alexa-skill-heytube/lambda/index.js">
      <metrics statements="222" coveredstatements="155" conditionals="75" coveredconditionals="57" methods="52" coveredmethods="39"/>
      <line num="1" count="1" type="stmt"/>
      <line num="2" count="1" type="stmt"/>
      <line num="3" count="1" type="stmt"/>
      <line num="5" count="1" type="stmt"/>
      <line num="6" count="1" type="stmt"/>
      <line num="10" count="1" type="stmt"/>
      <line num="12" count="27" type="stmt"/>
      <line num="17" count="1" type="stmt"/>
      <line num="18" count="1" type="stmt"/>
      <line num="20" count="1" type="stmt"/>
      <line num="21" count="1" type="stmt"/>
      <line num="22" count="1" type="cond" truecount="1" falsecount="1"/>
      <line num="23" count="0" type="stmt"/>
      <line num="24" count="0" type="stmt"/>
      <line num="27" count="0" type="stmt"/>
      <line num="30" count="1" type="stmt"/>
      <line num="37" count="1" type="stmt"/>
      <line num="39" count="26" type="stmt"/>
      <line num="41" count="26" type="cond" truecount="2" falsecount="0"/>
      <line num="42" count="3" type="stmt"/>
      <line num="48" count="23" type="cond" truecount="1" falsecount="1"/>
      <line num="52" count="0" type="stmt"/>
      <line num="55" count="23" type="cond" truecount="2" falsecount="0"/>
      <line num="58" count="10" type="stmt"/>
      <line num="64" count="3" type="stmt"/>
      <line num="66" count="3" type="stmt"/>
      <line num="67" count="3" type="stmt"/>
      <line num="68" count="3" type="stmt"/>
      <line num="72" count="1" type="stmt"/>
      <line num="74" count="23" type="stmt"/>
      <line num="76" count="23" type="stmt"/>
      <line num="83" count="0" type="stmt"/>
      <line num="84" count="0" type="stmt"/>
      <line num="88" count="1" type="stmt"/>
      <line num="90" count="23" type="stmt"/>
      <line num="92" count="23" type="stmt"/>
      <line num="99" count="0" type="stmt"/>
      <line num="100" count="0" type="stmt"/>
      <line num="101" count="0" type="stmt"/>
      <line num="102" count="0" type="stmt"/>
      <line num="103" count="0" type="stmt"/>
      <line num="104" count="0" type="stmt"/>
      <line num="106" count="0" type="stmt"/>
      <line num="110" count="1" type="stmt"/>
      <line num="112" count="21" type="stmt"/>
      <line num="114" count="21" type="stmt"/>
      <line num="124" count="2" type="stmt"/>
      <line num="128" count="1" type="stmt"/>
      <line num="130" count="23" type="stmt"/>
      <line num="132" count="23" type="stmt"/>
      <line num="140" count="0" type="stmt"/>
      <line num="141" count="0" type="stmt"/>
      <line num="142" count="0" type="stmt"/>
      <line num="146" count="1" type="stmt"/>
      <line num="148" count="23" type="stmt"/>
      <line num="150" count="23" type="stmt"/>
      <line num="161" count="1" type="stmt"/>
      <line num="162" count="1" type="stmt"/>
      <line num="166" count="1" type="stmt"/>
      <line num="168" count="22" type="stmt"/>
      <line num="170" count="22" type="stmt"/>
      <line num="181" count="1" type="stmt"/>
      <line num="182" count="1" type="stmt"/>
      <line num="186" count="1" type="stmt"/>
      <line num="188" count="23" type="stmt"/>
      <line num="195" count="0" type="stmt"/>
      <line num="197" count="0" type="stmt"/>
      <line num="203" count="1" type="stmt"/>
      <line num="206" count="19" type="stmt"/>
      <line num="217" count="5" type="stmt"/>
      <line num="218" count="5" type="stmt"/>
      <line num="222" count="1" type="stmt"/>
      <line num="224" count="23" type="stmt"/>
      <line num="226" count="23" type="stmt"/>
      <line num="234" count="0" type="stmt"/>
      <line num="235" count="0" type="stmt"/>
      <line num="237" count="0" type="stmt"/>
      <line num="241" count="1" type="stmt"/>
      <line num="243" count="23" type="stmt"/>
      <line num="245" count="23" type="stmt"/>
      <line num="253" count="0" type="stmt"/>
      <line num="254" count="0" type="stmt"/>
      <line num="256" count="0" type="stmt"/>
      <line num="263" count="1" type="stmt"/>
      <line num="265" count="14" type="stmt"/>
      <line num="268" count="14" type="stmt"/>
      <line num="269" count="14" type="stmt"/>
      <line num="270" count="14" type="stmt"/>
      <line num="272" count="14" type="stmt"/>
      <line num="273" count="14" type="stmt"/>
      <line num="274" count="14" type="cond" truecount="2" falsecount="4"/>
      <line num="276" count="7" type="stmt"/>
      <line num="277" count="7" type="stmt"/>
      <line num="278" count="7" type="stmt"/>
      <line num="279" count="7" type="stmt"/>
      <line num="280" count="7" type="stmt"/>
      <line num="282" count="0" type="stmt"/>
      <line num="283" count="0" type="stmt"/>
      <line num="284" count="0" type="stmt"/>
      <line num="286" count="0" type="stmt"/>
      <line num="287" count="0" type="stmt"/>
      <line num="289" count="7" type="stmt"/>
      <line num="290" count="7" type="stmt"/>
      <line num="291" count="7" type="stmt"/>
      <line num="294" count="7" type="stmt"/>
      <line num="297" count="0" type="cond" truecount="0" falsecount="2"/>
      <line num="298" count="0" type="stmt"/>
      <line num="300" count="0" type="cond" truecount="0" falsecount="2"/>
      <line num="302" count="0" type="stmt"/>
      <line num="303" count="0" type="stmt"/>
      <line num="310" count="0" type="stmt"/>
      <line num="311" count="0" type="cond" truecount="0" falsecount="2"/>
      <line num="312" count="0" type="stmt"/>
      <line num="314" count="0" type="stmt"/>
      <line num="316" count="0" type="stmt"/>
      <line num="317" count="0" type="stmt"/>
      <line num="318" count="0" type="stmt"/>
      <line num="319" count="0" type="stmt"/>
      <line num="320" count="0" type="stmt"/>
      <line num="322" count="0" type="stmt"/>
      <line num="331" count="0" type="stmt"/>
      <line num="333" count="0" type="stmt"/>
      <line num="334" count="0" type="stmt"/>
      <line num="339" count="0" type="stmt"/>
      <line num="341" count="0" type="stmt"/>
      <line num="344" count="14" type="stmt"/>
      <line num="348" count="1" type="stmt"/>
      <line num="350" count="27" type="stmt"/>
      <line num="354" count="27" type="stmt"/>
      <line num="357" count="0" type="stmt"/>
      <line num="364" count="1" type="stmt"/>
      <line num="366" count="26" type="stmt"/>
      <line num="372" count="0" type="stmt"/>
      <line num="373" count="0" type="stmt"/>
      <line num="374" count="0" type="stmt"/>
      <line num="380" count="1" type="stmt"/>
      <line num="382" count="14" type="stmt"/>
      <line num="388" count="0" type="stmt"/>
      <line num="390" count="0" type="stmt"/>
      <line num="397" count="1" type="stmt"/>
      <line num="399" count="0" type="stmt"/>
      <line num="402" count="0" type="stmt"/>
      <line num="403" count="0" type="stmt"/>
      <line num="404" count="0" type="stmt"/>
      <line num="406" count="0" type="stmt"/>
      <line num="408" count="0" type="stmt"/>
      <line num="417" count="1" type="stmt"/>
      <line num="419" count="3" type="stmt"/>
      <line num="420" count="3" type="stmt"/>
      <line num="425" count="3" type="stmt"/>
      <line num="426" count="3" type="stmt"/>
      <line num="427" count="3" type="stmt"/>
      <line num="428" count="3" type="stmt"/>
      <line num="429" count="3" type="stmt"/>
      <line num="430" count="3" type="stmt"/>
      <line num="431" count="3" type="stmt"/>
      <line num="432" count="3" type="stmt"/>
      <line num="435" count="7" type="stmt"/>
      <line num="436" count="7" type="stmt"/>
      <line num="437" count="7" type="stmt"/>
      <line num="438" count="7" type="stmt"/>
      <line num="439" count="7" type="stmt"/>
      <line num="440" count="7" type="stmt"/>
      <line num="441" count="7" type="stmt"/>
      <line num="452" count="7" type="cond" truecount="2" falsecount="0"/>
      <line num="453" count="5" type="stmt"/>
      <line num="454" count="5" type="stmt"/>
      <line num="455" count="5" type="stmt"/>
      <line num="458" count="7" type="stmt"/>
      <line num="461" count="5" type="stmt"/>
      <line num="467" count="1" type="stmt"/>
      <line num="468" count="1" type="stmt"/>
      <line num="469" count="1" type="cond" truecount="1" falsecount="1"/>
      <line num="471" count="0" type="stmt"/>
      <line num="477" count="1" type="stmt"/>
      <line num="479" count="1" type="stmt"/>
      <line num="480" count="1" type="stmt"/>
      <line num="481" count="1" type="stmt"/>
      <line num="484" count="1" type="stmt"/>
      <line num="485" count="1" type="cond" truecount="1" falsecount="1"/>
      <line num="486" count="0" type="stmt"/>
      <line num="491" count="1" type="stmt"/>
      <line num="492" count="1" type="stmt"/>
      <line num="493" count="1" type="stmt"/>
      <line num="494" count="1" type="stmt"/>
      <line num="498" count="1" type="stmt"/>
      <line num="499" count="3" type="stmt"/>
      <line num="504" count="3" type="stmt"/>
      <line num="507" count="3" type="stmt"/>
      <line num="511" count="3" type="stmt"/>
      <line num="514" count="0" type="stmt"/>
      <line num="515" count="0" type="stmt"/>
      <line num="519" count="1" type="stmt"/>
      <line num="520" count="7" type="stmt"/>
      <line num="521" count="7" type="stmt"/>
      <line num="524" count="7" type="stmt"/>
      <line num="527" count="1" type="stmt"/>
      <line num="528" count="241" type="stmt"/>
      <line num="529" count="241" type="stmt"/>
      <line num="532" count="1" type="stmt"/>
      <line num="533" count="0" type="stmt"/>
      <line num="534" count="0" type="stmt"/>
      <line num="537" count="1" type="stmt"/>
      <line num="538" count="7" type="stmt"/>
      <line num="540" count="7" type="cond" truecount="2" falsecount="0"/>
      <line num="544" count="5" type="stmt"/>
      <line num="545" count="5" type="stmt"/>
      <line num="547" count="2" type="stmt"/>
      <line num="550" count="1" type="stmt"/>
      <line num="552" count="14" type="stmt"/>
      <line num="556" count="14" type="stmt"/>
      <line num="557" count="14" type="stmt"/>
      <line num="561" count="1" type="stmt"/>
      <line num="564" count="1" type="stmt"/>
      <line num="566" count="7" type="stmt"/>
      <line num="571" count="1" type="stmt"/>
      <line num="573" count="27" type="stmt"/>
      <line num="576" count="27" type="cond" truecount="2" falsecount="0"/>
      <line num="577" count="1" type="stmt"/>
      <line num="598" count="1" type="stmt"/>
      <line num="600" count="27" type="stmt"/>
      <line num="607" count="1" type="stmt"/>
    </file>
  </project>
</coverage>
