<?xml version="1.0" encoding="UTF-8"?>
<coverage generated="1611004099230" clover="3.2.0">
  <project timestamp="1611004099230" name="All files">
    <metrics statements="221" coveredstatements="159" conditionals="75" coveredconditionals="57" methods="50" coveredmethods="38" elements="346" coveredelements="254" complexity="0" loc="221" ncloc="221" packages="1" files="1" classes="1"/>
    <file name="index.js" path="/Users/mlomboglia/Desktop/alexa/alexa-skill-heytube/lambda/index.js">
      <metrics statements="221" coveredstatements="159" conditionals="75" coveredconditionals="57" methods="50" coveredmethods="38"/>
      <line num="1" count="1" type="stmt"/>
      <line num="2" count="1" type="stmt"/>
      <line num="3" count="1" type="stmt"/>
      <line num="5" count="1" type="stmt"/>
      <line num="9" count="1" type="stmt"/>
      <line num="11" count="27" type="stmt"/>
      <line num="16" count="1" type="stmt"/>
      <line num="17" count="1" type="stmt"/>
      <line num="19" count="1" type="stmt"/>
      <line num="20" count="1" type="stmt"/>
      <line num="21" count="1" type="cond" truecount="1" falsecount="1"/>
      <line num="22" count="0" type="stmt"/>
      <line num="23" count="0" type="stmt"/>
      <line num="26" count="0" type="stmt"/>
      <line num="29" count="1" type="stmt"/>
      <line num="36" count="1" type="stmt"/>
      <line num="38" count="26" type="stmt"/>
      <line num="40" count="26" type="cond" truecount="2" falsecount="0"/>
      <line num="41" count="3" type="stmt"/>
      <line num="47" count="23" type="cond" truecount="1" falsecount="1"/>
      <line num="51" count="0" type="stmt"/>
      <line num="54" count="23" type="cond" truecount="2" falsecount="0"/>
      <line num="57" count="10" type="stmt"/>
      <line num="63" count="3" type="stmt"/>
      <line num="65" count="3" type="stmt"/>
      <line num="66" count="3" type="stmt"/>
      <line num="67" count="3" type="stmt"/>
      <line num="71" count="1" type="stmt"/>
      <line num="73" count="23" type="stmt"/>
      <line num="75" count="23" type="stmt"/>
      <line num="82" count="0" type="stmt"/>
      <line num="83" count="0" type="stmt"/>
      <line num="87" count="1" type="stmt"/>
      <line num="89" count="23" type="stmt"/>
      <line num="91" count="23" type="stmt"/>
      <line num="98" count="0" type="stmt"/>
      <line num="99" count="0" type="stmt"/>
      <line num="100" count="0" type="stmt"/>
      <line num="101" count="0" type="stmt"/>
      <line num="105" count="1" type="stmt"/>
      <line num="107" count="21" type="stmt"/>
      <line num="109" count="21" type="stmt"/>
      <line num="119" count="2" type="stmt"/>
      <line num="123" count="1" type="stmt"/>
      <line num="125" count="23" type="stmt"/>
      <line num="127" count="23" type="stmt"/>
      <line num="135" count="0" type="stmt"/>
      <line num="136" count="0" type="stmt"/>
      <line num="137" count="0" type="stmt"/>
      <line num="141" count="1" type="stmt"/>
      <line num="143" count="23" type="stmt"/>
      <line num="145" count="23" type="stmt"/>
      <line num="156" count="1" type="stmt"/>
      <line num="157" count="1" type="stmt"/>
      <line num="161" count="1" type="stmt"/>
      <line num="163" count="22" type="stmt"/>
      <line num="165" count="22" type="stmt"/>
      <line num="176" count="1" type="stmt"/>
      <line num="177" count="1" type="stmt"/>
      <line num="181" count="1" type="stmt"/>
      <line num="183" count="23" type="stmt"/>
      <line num="190" count="0" type="stmt"/>
      <line num="192" count="0" type="stmt"/>
      <line num="198" count="1" type="stmt"/>
      <line num="201" count="19" type="stmt"/>
      <line num="212" count="5" type="stmt"/>
      <line num="213" count="5" type="stmt"/>
      <line num="217" count="1" type="stmt"/>
      <line num="219" count="23" type="stmt"/>
      <line num="221" count="23" type="stmt"/>
      <line num="229" count="0" type="stmt"/>
      <line num="230" count="0" type="stmt"/>
      <line num="232" count="0" type="stmt"/>
      <line num="236" count="1" type="stmt"/>
      <line num="238" count="23" type="stmt"/>
      <line num="240" count="23" type="stmt"/>
      <line num="248" count="0" type="stmt"/>
      <line num="249" count="0" type="stmt"/>
      <line num="251" count="0" type="stmt"/>
      <line num="258" count="1" type="stmt"/>
      <line num="260" count="14" type="stmt"/>
      <line num="263" count="14" type="stmt"/>
      <line num="264" count="14" type="stmt"/>
      <line num="265" count="14" type="stmt"/>
      <line num="267" count="14" type="stmt"/>
      <line num="268" count="14" type="stmt"/>
      <line num="269" count="14" type="cond" truecount="2" falsecount="4"/>
      <line num="271" count="7" type="stmt"/>
      <line num="272" count="7" type="stmt"/>
      <line num="273" count="7" type="stmt"/>
      <line num="274" count="7" type="stmt"/>
      <line num="275" count="7" type="stmt"/>
      <line num="277" count="0" type="stmt"/>
      <line num="278" count="0" type="stmt"/>
      <line num="279" count="0" type="stmt"/>
      <line num="281" count="0" type="stmt"/>
      <line num="282" count="0" type="stmt"/>
      <line num="284" count="7" type="stmt"/>
      <line num="285" count="7" type="stmt"/>
      <line num="286" count="7" type="stmt"/>
      <line num="289" count="7" type="stmt"/>
      <line num="292" count="0" type="cond" truecount="0" falsecount="2"/>
      <line num="293" count="0" type="stmt"/>
      <line num="295" count="0" type="cond" truecount="0" falsecount="2"/>
      <line num="297" count="0" type="stmt"/>
      <line num="298" count="0" type="stmt"/>
      <line num="305" count="0" type="stmt"/>
      <line num="306" count="0" type="cond" truecount="0" falsecount="2"/>
      <line num="307" count="0" type="stmt"/>
      <line num="309" count="0" type="stmt"/>
      <line num="311" count="0" type="stmt"/>
      <line num="312" count="0" type="stmt"/>
      <line num="313" count="0" type="stmt"/>
      <line num="314" count="0" type="stmt"/>
      <line num="315" count="0" type="stmt"/>
      <line num="317" count="0" type="stmt"/>
      <line num="326" count="0" type="stmt"/>
      <line num="328" count="0" type="stmt"/>
      <line num="329" count="0" type="stmt"/>
      <line num="334" count="0" type="stmt"/>
      <line num="336" count="0" type="stmt"/>
      <line num="339" count="14" type="stmt"/>
      <line num="343" count="1" type="stmt"/>
      <line num="345" count="27" type="stmt"/>
      <line num="349" count="27" type="stmt"/>
      <line num="352" count="0" type="stmt"/>
      <line num="359" count="1" type="stmt"/>
      <line num="361" count="26" type="stmt"/>
      <line num="367" count="0" type="stmt"/>
      <line num="368" count="0" type="stmt"/>
      <line num="369" count="0" type="stmt"/>
      <line num="375" count="1" type="stmt"/>
      <line num="377" count="14" type="stmt"/>
      <line num="383" count="0" type="stmt"/>
      <line num="385" count="0" type="stmt"/>
      <line num="392" count="1" type="stmt"/>
      <line num="394" count="0" type="stmt"/>
      <line num="397" count="0" type="stmt"/>
      <line num="398" count="0" type="stmt"/>
      <line num="399" count="0" type="stmt"/>
      <line num="401" count="0" type="stmt"/>
      <line num="403" count="0" type="stmt"/>
      <line num="412" count="1" type="stmt"/>
      <line num="414" count="3" type="stmt"/>
      <line num="415" count="3" type="stmt"/>
      <line num="420" count="3" type="stmt"/>
      <line num="421" count="3" type="stmt"/>
      <line num="422" count="3" type="stmt"/>
      <line num="423" count="3" type="stmt"/>
      <line num="424" count="3" type="stmt"/>
      <line num="425" count="3" type="stmt"/>
      <line num="426" count="3" type="stmt"/>
      <line num="427" count="3" type="stmt"/>
      <line num="430" count="7" type="stmt"/>
      <line num="431" count="7" type="stmt"/>
      <line num="432" count="7" type="stmt"/>
      <line num="433" count="7" type="stmt"/>
      <line num="434" count="7" type="stmt"/>
      <line num="435" count="7" type="stmt"/>
      <line num="436" count="7" type="stmt"/>
      <line num="437" count="7" type="stmt"/>
      <line num="438" count="7" type="stmt"/>
      <line num="439" count="7" type="stmt"/>
      <line num="440" count="7" type="stmt"/>
      <line num="441" count="7" type="stmt"/>
      <line num="442" count="7" type="stmt"/>
      <line num="443" count="7" type="stmt"/>
      <line num="454" count="7" type="cond" truecount="2" falsecount="0"/>
      <line num="455" count="5" type="stmt"/>
      <line num="456" count="5" type="stmt"/>
      <line num="457" count="5" type="stmt"/>
      <line num="459" count="7" type="stmt"/>
      <line num="460" count="7" type="stmt"/>
      <line num="463" count="5" type="stmt"/>
      <line num="469" count="1" type="stmt"/>
      <line num="470" count="1" type="stmt"/>
      <line num="471" count="1" type="cond" truecount="1" falsecount="1"/>
      <line num="473" count="0" type="stmt"/>
      <line num="479" count="1" type="stmt"/>
      <line num="481" count="1" type="stmt"/>
      <line num="482" count="1" type="stmt"/>
      <line num="483" count="1" type="stmt"/>
      <line num="486" count="1" type="stmt"/>
      <line num="487" count="1" type="cond" truecount="1" falsecount="1"/>
      <line num="488" count="0" type="stmt"/>
      <line num="493" count="1" type="stmt"/>
      <line num="494" count="1" type="stmt"/>
      <line num="495" count="1" type="stmt"/>
      <line num="496" count="1" type="stmt"/>
      <line num="500" count="1" type="stmt"/>
      <line num="501" count="3" type="stmt"/>
      <line num="504" count="1" type="stmt"/>
      <line num="505" count="7" type="stmt"/>
      <line num="506" count="7" type="stmt"/>
      <line num="509" count="7" type="stmt"/>
      <line num="512" count="1" type="stmt"/>
      <line num="513" count="241" type="stmt"/>
      <line num="514" count="241" type="stmt"/>
      <line num="517" count="1" type="stmt"/>
      <line num="518" count="0" type="stmt"/>
      <line num="519" count="0" type="stmt"/>
      <line num="522" count="1" type="stmt"/>
      <line num="524" count="14" type="stmt"/>
      <line num="528" count="14" type="stmt"/>
      <line num="529" count="14" type="stmt"/>
      <line num="533" count="1" type="stmt"/>
      <line num="536" count="1" type="stmt"/>
      <line num="538" count="7" type="stmt"/>
      <line num="541" count="1" type="stmt"/>
      <line num="542" count="7" type="stmt"/>
      <line num="544" count="7" type="cond" truecount="2" falsecount="0"/>
      <line num="548" count="5" type="stmt"/>
      <line num="549" count="5" type="stmt"/>
      <line num="551" count="2" type="stmt"/>
      <line num="555" count="1" type="stmt"/>
      <line num="557" count="27" type="stmt"/>
      <line num="560" count="27" type="cond" truecount="2" falsecount="0"/>
      <line num="561" count="1" type="stmt"/>
      <line num="582" count="1" type="stmt"/>
      <line num="584" count="27" type="stmt"/>
      <line num="591" count="1" type="stmt"/>
    </file>
  </project>
</coverage>
