{"/Users/mlomboglia/Desktop/alexa/alexa-skill-heytube/lambda/index.js": {"path":"/Users/mlomboglia/Desktop/alexa/alexa-skill-heytube/lambda/index.js","statementMap":{"0":{"start":{"line":1,"column":14},"end":{"line":1,"column":32}},"1":{"start":{"line":2,"column":13},"end":{"line":2,"column":33}},"2":{"start":{"line":3,"column":18},"end":{"line":3,"column":40}},"3":{"start":{"line":5,"column":14},"end":{"line":5,"column":44}},"4":{"start":{"line":6,"column":19},"end":{"line":6,"column":47}},"5":{"start":{"line":10,"column":29},"end":{"line":35,"column":1}},"6":{"start":{"line":12,"column":4},"end":{"line":14,"column":6}},"7":{"start":{"line":17,"column":4},"end":{"line":17,"column":40}},"8":{"start":{"line":18,"column":25},"end":{"line":18,"column":60}},"9":{"start":{"line":20,"column":6},"end":{"line":20,"column":68}},"10":{"start":{"line":21,"column":19},"end":{"line":21,"column":76}},"11":{"start":{"line":22,"column":4},"end":{"line":28,"column":5}},"12":{"start":{"line":23,"column":6},"end":{"line":23,"column":45}},"13":{"start":{"line":24,"column":6},"end":{"line":26,"column":36}},"14":{"start":{"line":27,"column":6},"end":{"line":27,"column":73}},"15":{"start":{"line":30,"column":4},"end":{"line":33,"column":21}},"16":{"start":{"line":37,"column":29},"end":{"line":70,"column":1}},"17":{"start":{"line":39,"column":25},"end":{"line":39,"column":60}},"18":{"start":{"line":41,"column":4},"end":{"line":47,"column":5}},"19":{"start":{"line":42,"column":6},"end":{"line":46,"column":8}},"20":{"start":{"line":48,"column":4},"end":{"line":53,"column":5}},"21":{"start":{"line":52,"column":6},"end":{"line":52,"column":18}},"22":{"start":{"line":55,"column":4},"end":{"line":61,"column":5}},"23":{"start":{"line":58,"column":6},"end":{"line":60,"column":8}},"24":{"start":{"line":64,"column":4},"end":{"line":64,"column":40}},"25":{"start":{"line":66,"column":6},"end":{"line":66,"column":72}},"26":{"start":{"line":67,"column":4},"end":{"line":67,"column":28}},"27":{"start":{"line":68,"column":4},"end":{"line":68,"column":61}},"28":{"start":{"line":72,"column":25},"end":{"line":86,"column":1}},"29":{"start":{"line":74,"column":25},"end":{"line":74,"column":60}},"30":{"start":{"line":76,"column":4},"end":{"line":80,"column":6}},"31":{"start":{"line":83,"column":4},"end":{"line":83,"column":30}},"32":{"start":{"line":84,"column":4},"end":{"line":84,"column":54}},"33":{"start":{"line":88,"column":24},"end":{"line":108,"column":1}},"34":{"start":{"line":90,"column":25},"end":{"line":90,"column":60}},"35":{"start":{"line":92,"column":4},"end":{"line":96,"column":6}},"36":{"start":{"line":99,"column":4},"end":{"line":99,"column":29}},"37":{"start":{"line":100,"column":25},"end":{"line":100,"column":60}},"38":{"start":{"line":101,"column":4},"end":{"line":101,"column":27}},"39":{"start":{"line":102,"column":4},"end":{"line":102,"column":42}},"40":{"start":{"line":103,"column":4},"end":{"line":103,"column":45}},"41":{"start":{"line":104,"column":4},"end":{"line":104,"column":52}},"42":{"start":{"line":106,"column":4},"end":{"line":106,"column":53}},"43":{"start":{"line":110,"column":36},"end":{"line":126,"column":1}},"44":{"start":{"line":112,"column":25},"end":{"line":112,"column":60}},"45":{"start":{"line":114,"column":4},"end":{"line":121,"column":6}},"46":{"start":{"line":124,"column":4},"end":{"line":124,"column":54}},"47":{"start":{"line":128,"column":31},"end":{"line":144,"column":1}},"48":{"start":{"line":130,"column":25},"end":{"line":130,"column":60}},"49":{"start":{"line":132,"column":4},"end":{"line":137,"column":6}},"50":{"start":{"line":140,"column":4},"end":{"line":140,"column":36}},"51":{"start":{"line":141,"column":4},"end":{"line":141,"column":42}},"52":{"start":{"line":142,"column":4},"end":{"line":142,"column":59}},"53":{"start":{"line":146,"column":28},"end":{"line":164,"column":1}},"54":{"start":{"line":148,"column":25},"end":{"line":148,"column":60}},"55":{"start":{"line":150,"column":4},"end":{"line":158,"column":6}},"56":{"start":{"line":161,"column":4},"end":{"line":161,"column":39}},"57":{"start":{"line":162,"column":4},"end":{"line":162,"column":45}},"58":{"start":{"line":166,"column":32},"end":{"line":184,"column":1}},"59":{"start":{"line":168,"column":25},"end":{"line":168,"column":60}},"60":{"start":{"line":170,"column":4},"end":{"line":178,"column":6}},"61":{"start":{"line":181,"column":4},"end":{"line":181,"column":43}},"62":{"start":{"line":182,"column":4},"end":{"line":182,"column":49}},"63":{"start":{"line":186,"column":26},"end":{"line":202,"column":1}},"64":{"start":{"line":188,"column":4},"end":{"line":191,"column":6}},"65":{"start":{"line":195,"column":6},"end":{"line":195,"column":88}},"66":{"start":{"line":197,"column":4},"end":{"line":200,"column":21}},"67":{"start":{"line":203,"column":34},"end":{"line":220,"column":1}},"68":{"start":{"line":206,"column":4},"end":{"line":214,"column":6}},"69":{"start":{"line":217,"column":4},"end":{"line":217,"column":45}},"70":{"start":{"line":218,"column":4},"end":{"line":218,"column":53}},"71":{"start":{"line":222,"column":28},"end":{"line":239,"column":1}},"72":{"start":{"line":224,"column":25},"end":{"line":224,"column":60}},"73":{"start":{"line":226,"column":4},"end":{"line":231,"column":6}},"74":{"start":{"line":234,"column":28},"end":{"line":234,"column":66}},"75":{"start":{"line":235,"column":4},"end":{"line":235,"column":32}},"76":{"start":{"line":237,"column":4},"end":{"line":237,"column":78}},"77":{"start":{"line":241,"column":29},"end":{"line":258,"column":1}},"78":{"start":{"line":243,"column":25},"end":{"line":243,"column":60}},"79":{"start":{"line":245,"column":4},"end":{"line":250,"column":6}},"80":{"start":{"line":253,"column":28},"end":{"line":253,"column":66}},"81":{"start":{"line":254,"column":4},"end":{"line":254,"column":33}},"82":{"start":{"line":256,"column":4},"end":{"line":256,"column":79}},"83":{"start":{"line":263,"column":32},"end":{"line":346,"column":1}},"84":{"start":{"line":265,"column":4},"end":{"line":265,"column":80}},"85":{"start":{"line":268,"column":49},"end":{"line":268,"column":61}},"86":{"start":{"line":269,"column":33},"end":{"line":269,"column":75}},"87":{"start":{"line":270,"column":25},"end":{"line":270,"column":60}},"88":{"start":{"line":272,"column":4},"end":{"line":272,"column":43}},"89":{"start":{"line":273,"column":4},"end":{"line":273,"column":38}},"90":{"start":{"line":274,"column":4},"end":{"line":342,"column":5}},"91":{"start":{"line":276,"column":8},"end":{"line":276,"column":52}},"92":{"start":{"line":277,"column":8},"end":{"line":277,"column":58}},"93":{"start":{"line":278,"column":8},"end":{"line":278,"column":46}},"94":{"start":{"line":279,"column":8},"end":{"line":279,"column":55}},"95":{"start":{"line":280,"column":8},"end":{"line":280,"column":14}},"96":{"start":{"line":282,"column":8},"end":{"line":282,"column":47}},"97":{"start":{"line":283,"column":8},"end":{"line":283,"column":56}},"98":{"start":{"line":284,"column":8},"end":{"line":284,"column":48}},"99":{"start":{"line":286,"column":8},"end":{"line":286,"column":41}},"100":{"start":{"line":287,"column":8},"end":{"line":287,"column":14}},"101":{"start":{"line":289,"column":8},"end":{"line":289,"column":52}},"102":{"start":{"line":290,"column":8},"end":{"line":290,"column":58}},"103":{"start":{"line":291,"column":8},"end":{"line":293,"column":10}},"104":{"start":{"line":294,"column":8},"end":{"line":294,"column":14}},"105":{"start":{"line":297,"column":10},"end":{"line":299,"column":11}},"106":{"start":{"line":298,"column":12},"end":{"line":298,"column":18}},"107":{"start":{"line":300,"column":10},"end":{"line":329,"column":11}},"108":{"start":{"line":302,"column":12},"end":{"line":302,"column":66}},"109":{"start":{"line":303,"column":12},"end":{"line":307,"column":14}},"110":{"start":{"line":310,"column":36},"end":{"line":310,"column":74}},"111":{"start":{"line":311,"column":12},"end":{"line":315,"column":13}},"112":{"start":{"line":312,"column":14},"end":{"line":312,"column":69}},"113":{"start":{"line":314,"column":14},"end":{"line":314,"column":73}},"114":{"start":{"line":316,"column":32},"end":{"line":316,"column":71}},"115":{"start":{"line":317,"column":42},"end":{"line":317,"column":60}},"116":{"start":{"line":318,"column":41},"end":{"line":318,"column":42}},"117":{"start":{"line":319,"column":33},"end":{"line":319,"column":42}},"118":{"start":{"line":320,"column":12},"end":{"line":320,"column":51}},"119":{"start":{"line":322,"column":12},"end":{"line":328,"column":14}},"120":{"start":{"line":331,"column":8},"end":{"line":331,"column":14}},"121":{"start":{"line":333,"column":8},"end":{"line":333,"column":47}},"122":{"start":{"line":334,"column":8},"end":{"line":337,"column":10}},"123":{"start":{"line":339,"column":8},"end":{"line":339,"column":49}},"124":{"start":{"line":341,"column":8},"end":{"line":341,"column":52}},"125":{"start":{"line":344,"column":4},"end":{"line":344,"column":41}},"126":{"start":{"line":348,"column":35},"end":{"line":362,"column":1}},"127":{"start":{"line":350,"column":33},"end":{"line":353,"column":17}},"128":{"start":{"line":354,"column":4},"end":{"line":354,"column":46}},"129":{"start":{"line":357,"column":4},"end":{"line":360,"column":21}},"130":{"start":{"line":364,"column":31},"end":{"line":378,"column":1}},"131":{"start":{"line":366,"column":4},"end":{"line":369,"column":6}},"132":{"start":{"line":372,"column":4},"end":{"line":372,"column":42}},"133":{"start":{"line":373,"column":4},"end":{"line":373,"column":71}},"134":{"start":{"line":374,"column":4},"end":{"line":376,"column":6}},"135":{"start":{"line":380,"column":35},"end":{"line":392,"column":1}},"136":{"start":{"line":382,"column":4},"end":{"line":385,"column":6}},"137":{"start":{"line":388,"column":4},"end":{"line":388,"column":46}},"138":{"start":{"line":390,"column":4},"end":{"line":390,"column":54}},"139":{"start":{"line":397,"column":21},"end":{"line":413,"column":1}},"140":{"start":{"line":399,"column":4},"end":{"line":399,"column":16}},"141":{"start":{"line":402,"column":4},"end":{"line":402,"column":32}},"142":{"start":{"line":403,"column":4},"end":{"line":403,"column":23}},"143":{"start":{"line":404,"column":4},"end":{"line":404,"column":51}},"144":{"start":{"line":406,"column":6},"end":{"line":406,"column":85}},"145":{"start":{"line":408,"column":4},"end":{"line":411,"column":21}},"146":{"start":{"line":417,"column":19},"end":{"line":496,"column":1}},"147":{"start":{"line":419,"column":4},"end":{"line":419,"column":23}},"148":{"start":{"line":420,"column":17},"end":{"line":424,"column":5}},"149":{"start":{"line":425,"column":25},"end":{"line":425,"column":60}},"150":{"start":{"line":426,"column":4},"end":{"line":426,"column":42}},"151":{"start":{"line":427,"column":4},"end":{"line":427,"column":27}},"152":{"start":{"line":428,"column":4},"end":{"line":428,"column":42}},"153":{"start":{"line":429,"column":4},"end":{"line":429,"column":45}},"154":{"start":{"line":430,"column":4},"end":{"line":430,"column":31}},"155":{"start":{"line":431,"column":4},"end":{"line":431,"column":52}},"156":{"start":{"line":432,"column":4},"end":{"line":432,"column":47}},"157":{"start":{"line":435,"column":51},"end":{"line":435,"column":63}},"158":{"start":{"line":436,"column":25},"end":{"line":436,"column":60}},"159":{"start":{"line":437,"column":25},"end":{"line":437,"column":38}},"160":{"start":{"line":438,"column":55},"end":{"line":438,"column":67}},"161":{"start":{"line":439,"column":22},"end":{"line":439,"column":38}},"162":{"start":{"line":440,"column":24},"end":{"line":440,"column":63}},"163":{"start":{"line":441,"column":4},"end":{"line":450,"column":8}},"164":{"start":{"line":452,"column":4},"end":{"line":456,"column":5}},"165":{"start":{"line":453,"column":24},"end":{"line":453,"column":52}},"166":{"start":{"line":454,"column":26},"end":{"line":454,"column":62}},"167":{"start":{"line":455,"column":6},"end":{"line":455,"column":61}},"168":{"start":{"line":458,"column":4},"end":{"line":458,"column":41}},"169":{"start":{"line":461,"column":4},"end":{"line":464,"column":21}},"170":{"start":{"line":467,"column":25},"end":{"line":467,"column":60}},"171":{"start":{"line":468,"column":4},"end":{"line":468,"column":28}},"172":{"start":{"line":469,"column":4},"end":{"line":478,"column":5}},"173":{"start":{"line":471,"column":6},"end":{"line":475,"column":8}},"174":{"start":{"line":477,"column":6},"end":{"line":477,"column":39}},"175":{"start":{"line":479,"column":4},"end":{"line":479,"column":42}},"176":{"start":{"line":480,"column":4},"end":{"line":480,"column":45}},"177":{"start":{"line":481,"column":4},"end":{"line":481,"column":52}},"178":{"start":{"line":484,"column":25},"end":{"line":484,"column":60}},"179":{"start":{"line":485,"column":4},"end":{"line":490,"column":5}},"180":{"start":{"line":486,"column":6},"end":{"line":489,"column":23}},"181":{"start":{"line":491,"column":4},"end":{"line":491,"column":48}},"182":{"start":{"line":492,"column":4},"end":{"line":492,"column":42}},"183":{"start":{"line":493,"column":4},"end":{"line":493,"column":45}},"184":{"start":{"line":494,"column":4},"end":{"line":494,"column":56}},"185":{"start":{"line":498,"column":24},"end":{"line":517,"column":1}},"186":{"start":{"line":499,"column":17},"end":{"line":503,"column":3}},"187":{"start":{"line":504,"column":2},"end":{"line":516,"column":7}},"188":{"start":{"line":507,"column":22},"end":{"line":510,"column":7}},"189":{"start":{"line":511,"column":6},"end":{"line":511,"column":21}},"190":{"start":{"line":514,"column":6},"end":{"line":514,"column":23}},"191":{"start":{"line":515,"column":6},"end":{"line":515,"column":17}},"192":{"start":{"line":519,"column":20},"end":{"line":525,"column":1}},"193":{"start":{"line":520,"column":20},"end":{"line":520,"column":51}},"194":{"start":{"line":521,"column":22},"end":{"line":523,"column":4}},"195":{"start":{"line":524,"column":2},"end":{"line":524,"column":21}},"196":{"start":{"line":527,"column":24},"end":{"line":530,"column":1}},"197":{"start":{"line":528,"column":21},"end":{"line":528,"column":83}},"198":{"start":{"line":529,"column":2},"end":{"line":529,"column":33}},"199":{"start":{"line":532,"column":27},"end":{"line":535,"column":1}},"200":{"start":{"line":533,"column":21},"end":{"line":533,"column":83}},"201":{"start":{"line":534,"column":2},"end":{"line":534,"column":36}},"202":{"start":{"line":537,"column":21},"end":{"line":548,"column":1}},"203":{"start":{"line":538,"column":23},"end":{"line":538,"column":58}},"204":{"start":{"line":540,"column":2},"end":{"line":546,"column":3}},"205":{"start":{"line":544,"column":4},"end":{"line":544,"column":46}},"206":{"start":{"line":545,"column":4},"end":{"line":545,"column":16}},"207":{"start":{"line":547,"column":2},"end":{"line":547,"column":15}},"208":{"start":{"line":550,"column":17},"end":{"line":553,"column":1}},"209":{"start":{"line":552,"column":2},"end":{"line":552,"column":52}},"210":{"start":{"line":556,"column":21},"end":{"line":556,"column":83}},"211":{"start":{"line":557,"column":2},"end":{"line":557,"column":39}},"212":{"start":{"line":561,"column":2},"end":{"line":561,"column":46}},"213":{"start":{"line":564,"column":32},"end":{"line":567,"column":1}},"214":{"start":{"line":566,"column":2},"end":{"line":566,"column":67}},"215":{"start":{"line":571,"column":51},"end":{"line":596,"column":1}},"216":{"start":{"line":573,"column":33},"end":{"line":573,"column":95}},"217":{"start":{"line":576,"column":4},"end":{"line":594,"column":5}},"218":{"start":{"line":577,"column":6},"end":{"line":593,"column":9}},"219":{"start":{"line":598,"column":52},"end":{"line":602,"column":1}},"220":{"start":{"line":600,"column":4},"end":{"line":600,"column":68}},"221":{"start":{"line":607,"column":0},"end":{"line":631,"column":12}}},"fnMap":{"0":{"name":"(anonymous_0)","decl":{"start":{"line":11,"column":2},"end":{"line":11,"column":3}},"loc":{"start":{"line":11,"column":26},"end":{"line":15,"column":3}},"line":11},"1":{"name":"(anonymous_1)","decl":{"start":{"line":16,"column":2},"end":{"line":16,"column":3}},"loc":{"start":{"line":16,"column":29},"end":{"line":34,"column":3}},"line":16},"2":{"name":"(anonymous_2)","decl":{"start":{"line":38,"column":2},"end":{"line":38,"column":3}},"loc":{"start":{"line":38,"column":32},"end":{"line":62,"column":3}},"line":38},"3":{"name":"(anonymous_3)","decl":{"start":{"line":63,"column":2},"end":{"line":63,"column":3}},"loc":{"start":{"line":63,"column":23},"end":{"line":69,"column":3}},"line":63},"4":{"name":"(anonymous_4)","decl":{"start":{"line":73,"column":2},"end":{"line":73,"column":3}},"loc":{"start":{"line":73,"column":32},"end":{"line":81,"column":3}},"line":73},"5":{"name":"(anonymous_5)","decl":{"start":{"line":82,"column":2},"end":{"line":82,"column":3}},"loc":{"start":{"line":82,"column":23},"end":{"line":85,"column":3}},"line":82},"6":{"name":"(anonymous_6)","decl":{"start":{"line":89,"column":2},"end":{"line":89,"column":3}},"loc":{"start":{"line":89,"column":32},"end":{"line":97,"column":3}},"line":89},"7":{"name":"(anonymous_7)","decl":{"start":{"line":98,"column":2},"end":{"line":98,"column":3}},"loc":{"start":{"line":98,"column":29},"end":{"line":107,"column":3}},"line":98},"8":{"name":"(anonymous_8)","decl":{"start":{"line":111,"column":2},"end":{"line":111,"column":3}},"loc":{"start":{"line":111,"column":32},"end":{"line":122,"column":3}},"line":111},"9":{"name":"(anonymous_9)","decl":{"start":{"line":123,"column":2},"end":{"line":123,"column":3}},"loc":{"start":{"line":123,"column":23},"end":{"line":125,"column":3}},"line":123},"10":{"name":"(anonymous_10)","decl":{"start":{"line":129,"column":2},"end":{"line":129,"column":3}},"loc":{"start":{"line":129,"column":32},"end":{"line":138,"column":3}},"line":129},"11":{"name":"(anonymous_11)","decl":{"start":{"line":139,"column":2},"end":{"line":139,"column":3}},"loc":{"start":{"line":139,"column":23},"end":{"line":143,"column":3}},"line":139},"12":{"name":"(anonymous_12)","decl":{"start":{"line":147,"column":2},"end":{"line":147,"column":3}},"loc":{"start":{"line":147,"column":32},"end":{"line":159,"column":3}},"line":147},"13":{"name":"(anonymous_13)","decl":{"start":{"line":160,"column":2},"end":{"line":160,"column":3}},"loc":{"start":{"line":160,"column":23},"end":{"line":163,"column":3}},"line":160},"14":{"name":"(anonymous_14)","decl":{"start":{"line":167,"column":2},"end":{"line":167,"column":3}},"loc":{"start":{"line":167,"column":32},"end":{"line":179,"column":3}},"line":167},"15":{"name":"(anonymous_15)","decl":{"start":{"line":180,"column":2},"end":{"line":180,"column":3}},"loc":{"start":{"line":180,"column":23},"end":{"line":183,"column":3}},"line":180},"16":{"name":"(anonymous_16)","decl":{"start":{"line":187,"column":2},"end":{"line":187,"column":3}},"loc":{"start":{"line":187,"column":26},"end":{"line":192,"column":3}},"line":187},"17":{"name":"(anonymous_17)","decl":{"start":{"line":193,"column":2},"end":{"line":193,"column":3}},"loc":{"start":{"line":193,"column":23},"end":{"line":201,"column":3}},"line":193},"18":{"name":"(anonymous_18)","decl":{"start":{"line":204,"column":2},"end":{"line":204,"column":3}},"loc":{"start":{"line":204,"column":26},"end":{"line":215,"column":3}},"line":204},"19":{"name":"(anonymous_19)","decl":{"start":{"line":216,"column":2},"end":{"line":216,"column":3}},"loc":{"start":{"line":216,"column":23},"end":{"line":219,"column":3}},"line":216},"20":{"name":"(anonymous_20)","decl":{"start":{"line":223,"column":2},"end":{"line":223,"column":3}},"loc":{"start":{"line":223,"column":32},"end":{"line":232,"column":3}},"line":223},"21":{"name":"(anonymous_21)","decl":{"start":{"line":233,"column":2},"end":{"line":233,"column":3}},"loc":{"start":{"line":233,"column":29},"end":{"line":238,"column":3}},"line":233},"22":{"name":"(anonymous_22)","decl":{"start":{"line":242,"column":2},"end":{"line":242,"column":3}},"loc":{"start":{"line":242,"column":32},"end":{"line":251,"column":3}},"line":242},"23":{"name":"(anonymous_23)","decl":{"start":{"line":252,"column":2},"end":{"line":252,"column":3}},"loc":{"start":{"line":252,"column":29},"end":{"line":257,"column":3}},"line":252},"24":{"name":"(anonymous_24)","decl":{"start":{"line":264,"column":2},"end":{"line":264,"column":3}},"loc":{"start":{"line":264,"column":26},"end":{"line":266,"column":3}},"line":264},"25":{"name":"(anonymous_25)","decl":{"start":{"line":267,"column":2},"end":{"line":267,"column":3}},"loc":{"start":{"line":267,"column":29},"end":{"line":345,"column":3}},"line":267},"26":{"name":"(anonymous_26)","decl":{"start":{"line":349,"column":2},"end":{"line":349,"column":3}},"loc":{"start":{"line":349,"column":32},"end":{"line":355,"column":3}},"line":349},"27":{"name":"(anonymous_27)","decl":{"start":{"line":356,"column":2},"end":{"line":356,"column":3}},"loc":{"start":{"line":356,"column":23},"end":{"line":361,"column":3}},"line":356},"28":{"name":"(anonymous_28)","decl":{"start":{"line":365,"column":2},"end":{"line":365,"column":3}},"loc":{"start":{"line":365,"column":26},"end":{"line":370,"column":3}},"line":365},"29":{"name":"(anonymous_29)","decl":{"start":{"line":371,"column":2},"end":{"line":371,"column":3}},"loc":{"start":{"line":371,"column":23},"end":{"line":377,"column":3}},"line":371},"30":{"name":"(anonymous_30)","decl":{"start":{"line":381,"column":2},"end":{"line":381,"column":3}},"loc":{"start":{"line":381,"column":26},"end":{"line":386,"column":3}},"line":381},"31":{"name":"(anonymous_31)","decl":{"start":{"line":387,"column":2},"end":{"line":387,"column":3}},"loc":{"start":{"line":387,"column":23},"end":{"line":391,"column":3}},"line":387},"32":{"name":"(anonymous_32)","decl":{"start":{"line":398,"column":2},"end":{"line":398,"column":3}},"loc":{"start":{"line":398,"column":14},"end":{"line":400,"column":3}},"line":398},"33":{"name":"(anonymous_33)","decl":{"start":{"line":401,"column":2},"end":{"line":401,"column":3}},"loc":{"start":{"line":401,"column":30},"end":{"line":412,"column":3}},"line":401},"34":{"name":"(anonymous_34)","decl":{"start":{"line":418,"column":2},"end":{"line":418,"column":3}},"loc":{"start":{"line":418,"column":51},"end":{"line":433,"column":3}},"line":418},"35":{"name":"(anonymous_35)","decl":{"start":{"line":434,"column":2},"end":{"line":434,"column":3}},"loc":{"start":{"line":434,"column":36},"end":{"line":459,"column":3}},"line":434},"36":{"name":"(anonymous_36)","decl":{"start":{"line":460,"column":2},"end":{"line":460,"column":3}},"loc":{"start":{"line":460,"column":36},"end":{"line":465,"column":3}},"line":460},"37":{"name":"(anonymous_37)","decl":{"start":{"line":466,"column":2},"end":{"line":466,"column":3}},"loc":{"start":{"line":466,"column":31},"end":{"line":482,"column":3}},"line":466},"38":{"name":"(anonymous_38)","decl":{"start":{"line":483,"column":2},"end":{"line":483,"column":3}},"loc":{"start":{"line":483,"column":35},"end":{"line":495,"column":3}},"line":483},"39":{"name":"(anonymous_39)","decl":{"start":{"line":498,"column":24},"end":{"line":498,"column":25}},"loc":{"start":{"line":498,"column":70},"end":{"line":517,"column":1}},"line":498},"40":{"name":"(anonymous_40)","decl":{"start":{"line":506,"column":10},"end":{"line":506,"column":11}},"loc":{"start":{"line":506,"column":24},"end":{"line":512,"column":5}},"line":506},"41":{"name":"(anonymous_41)","decl":{"start":{"line":513,"column":11},"end":{"line":513,"column":12}},"loc":{"start":{"line":513,"column":20},"end":{"line":516,"column":5}},"line":513},"42":{"name":"(anonymous_42)","decl":{"start":{"line":519,"column":20},"end":{"line":519,"column":21}},"loc":{"start":{"line":519,"column":39},"end":{"line":525,"column":1}},"line":519},"43":{"name":"(anonymous_43)","decl":{"start":{"line":527,"column":24},"end":{"line":527,"column":25}},"loc":{"start":{"line":527,"column":48},"end":{"line":530,"column":1}},"line":527},"44":{"name":"(anonymous_44)","decl":{"start":{"line":532,"column":27},"end":{"line":532,"column":28}},"loc":{"start":{"line":532,"column":51},"end":{"line":535,"column":1}},"line":532},"45":{"name":"(anonymous_45)","decl":{"start":{"line":537,"column":21},"end":{"line":537,"column":22}},"loc":{"start":{"line":537,"column":45},"end":{"line":548,"column":1}},"line":537},"46":{"name":"(anonymous_46)","decl":{"start":{"line":550,"column":17},"end":{"line":550,"column":18}},"loc":{"start":{"line":550,"column":35},"end":{"line":553,"column":1}},"line":550},"47":{"name":"getIndex","decl":{"start":{"line":555,"column":15},"end":{"line":555,"column":23}},"loc":{"start":{"line":555,"column":38},"end":{"line":558,"column":1}},"line":555},"48":{"name":"setNextIndex","decl":{"start":{"line":560,"column":15},"end":{"line":560,"column":27}},"loc":{"start":{"line":560,"column":42},"end":{"line":562,"column":1}},"line":560},"49":{"name":"(anonymous_49)","decl":{"start":{"line":564,"column":32},"end":{"line":564,"column":33}},"loc":{"start":{"line":564,"column":50},"end":{"line":567,"column":1}},"line":564},"50":{"name":"(anonymous_50)","decl":{"start":{"line":572,"column":2},"end":{"line":572,"column":3}},"loc":{"start":{"line":572,"column":30},"end":{"line":595,"column":3}},"line":572},"51":{"name":"(anonymous_51)","decl":{"start":{"line":599,"column":2},"end":{"line":599,"column":3}},"loc":{"start":{"line":599,"column":30},"end":{"line":601,"column":3}},"line":599}},"branchMap":{"0":{"loc":{"start":{"line":22,"column":4},"end":{"line":28,"column":5}},"type":"if","locations":[{"start":{"line":22,"column":4},"end":{"line":28,"column":5}},{"start":{"line":22,"column":4},"end":{"line":28,"column":5}}],"line":22},"1":{"loc":{"start":{"line":41,"column":4},"end":{"line":47,"column":5}},"type":"if","locations":[{"start":{"line":41,"column":4},"end":{"line":47,"column":5}},{"start":{"line":41,"column":4},"end":{"line":47,"column":5}}],"line":41},"2":{"loc":{"start":{"line":43,"column":8},"end":{"line":45,"column":78}},"type":"binary-expr","locations":[{"start":{"line":43,"column":8},"end":{"line":44,"column":25}},{"start":{"line":45,"column":8},"end":{"line":45,"column":78}}],"line":43},"3":{"loc":{"start":{"line":48,"column":4},"end":{"line":53,"column":5}},"type":"if","locations":[{"start":{"line":48,"column":4},"end":{"line":53,"column":5}},{"start":{"line":48,"column":4},"end":{"line":53,"column":5}}],"line":48},"4":{"loc":{"start":{"line":55,"column":4},"end":{"line":61,"column":5}},"type":"if","locations":[{"start":{"line":55,"column":4},"end":{"line":61,"column":5}},{"start":{"line":55,"column":4},"end":{"line":61,"column":5}}],"line":55},"5":{"loc":{"start":{"line":77,"column":6},"end":{"line":79,"column":78}},"type":"binary-expr","locations":[{"start":{"line":77,"column":6},"end":{"line":77,"column":37}},{"start":{"line":78,"column":6},"end":{"line":78,"column":76}},{"start":{"line":79,"column":6},"end":{"line":79,"column":78}}],"line":77},"6":{"loc":{"start":{"line":93,"column":6},"end":{"line":95,"column":77}},"type":"binary-expr","locations":[{"start":{"line":93,"column":6},"end":{"line":93,"column":37}},{"start":{"line":94,"column":6},"end":{"line":94,"column":76}},{"start":{"line":95,"column":6},"end":{"line":95,"column":77}}],"line":93},"7":{"loc":{"start":{"line":115,"column":6},"end":{"line":120,"column":32}},"type":"binary-expr","locations":[{"start":{"line":115,"column":6},"end":{"line":115,"column":36}},{"start":{"line":116,"column":6},"end":{"line":116,"column":76}},{"start":{"line":117,"column":7},"end":{"line":118,"column":27}},{"start":{"line":119,"column":8},"end":{"line":120,"column":31}}],"line":115},"8":{"loc":{"start":{"line":133,"column":6},"end":{"line":136,"column":32}},"type":"binary-expr","locations":[{"start":{"line":133,"column":6},"end":{"line":133,"column":36}},{"start":{"line":134,"column":6},"end":{"line":134,"column":76}},{"start":{"line":135,"column":6},"end":{"line":136,"column":32}}],"line":133},"9":{"loc":{"start":{"line":151,"column":6},"end":{"line":157,"column":33}},"type":"binary-expr","locations":[{"start":{"line":151,"column":6},"end":{"line":151,"column":36}},{"start":{"line":152,"column":7},"end":{"line":153,"column":46}},{"start":{"line":154,"column":9},"end":{"line":155,"column":25}},{"start":{"line":156,"column":10},"end":{"line":157,"column":31}}],"line":151},"10":{"loc":{"start":{"line":171,"column":6},"end":{"line":177,"column":37}},"type":"binary-expr","locations":[{"start":{"line":171,"column":6},"end":{"line":171,"column":36}},{"start":{"line":172,"column":7},"end":{"line":173,"column":50}},{"start":{"line":174,"column":9},"end":{"line":175,"column":25}},{"start":{"line":176,"column":10},"end":{"line":177,"column":35}}],"line":171},"11":{"loc":{"start":{"line":189,"column":6},"end":{"line":190,"column":79}},"type":"binary-expr","locations":[{"start":{"line":189,"column":6},"end":{"line":189,"column":76}},{"start":{"line":190,"column":6},"end":{"line":190,"column":79}}],"line":189},"12":{"loc":{"start":{"line":207,"column":6},"end":{"line":213,"column":31}},"type":"binary-expr","locations":[{"start":{"line":207,"column":6},"end":{"line":207,"column":76}},{"start":{"line":208,"column":7},"end":{"line":209,"column":29}},{"start":{"line":210,"column":8},"end":{"line":211,"column":29}},{"start":{"line":212,"column":8},"end":{"line":213,"column":30}}],"line":207},"13":{"loc":{"start":{"line":227,"column":6},"end":{"line":230,"column":29}},"type":"binary-expr","locations":[{"start":{"line":227,"column":6},"end":{"line":227,"column":36}},{"start":{"line":228,"column":6},"end":{"line":228,"column":76}},{"start":{"line":229,"column":6},"end":{"line":230,"column":29}}],"line":227},"14":{"loc":{"start":{"line":246,"column":6},"end":{"line":249,"column":30}},"type":"binary-expr","locations":[{"start":{"line":246,"column":6},"end":{"line":246,"column":36}},{"start":{"line":247,"column":6},"end":{"line":247,"column":76}},{"start":{"line":248,"column":6},"end":{"line":249,"column":30}}],"line":246},"15":{"loc":{"start":{"line":274,"column":4},"end":{"line":342,"column":5}},"type":"switch","locations":[{"start":{"line":275,"column":6},"end":{"line":280,"column":14}},{"start":{"line":281,"column":6},"end":{"line":287,"column":14}},{"start":{"line":288,"column":6},"end":{"line":294,"column":14}},{"start":{"line":295,"column":6},"end":{"line":331,"column":14}},{"start":{"line":332,"column":6},"end":{"line":339,"column":49}},{"start":{"line":340,"column":6},"end":{"line":341,"column":52}}],"line":274},"16":{"loc":{"start":{"line":297,"column":10},"end":{"line":299,"column":11}},"type":"if","locations":[{"start":{"line":297,"column":10},"end":{"line":299,"column":11}},{"start":{"line":297,"column":10},"end":{"line":299,"column":11}}],"line":297},"17":{"loc":{"start":{"line":300,"column":10},"end":{"line":329,"column":11}},"type":"if","locations":[{"start":{"line":300,"column":10},"end":{"line":329,"column":11}},{"start":{"line":300,"column":10},"end":{"line":329,"column":11}}],"line":300},"18":{"loc":{"start":{"line":311,"column":12},"end":{"line":315,"column":13}},"type":"if","locations":[{"start":{"line":311,"column":12},"end":{"line":315,"column":13}},{"start":{"line":311,"column":12},"end":{"line":315,"column":13}}],"line":311},"19":{"loc":{"start":{"line":351,"column":6},"end":{"line":352,"column":34}},"type":"binary-expr","locations":[{"start":{"line":351,"column":6},"end":{"line":352,"column":28}},{"start":{"line":352,"column":32},"end":{"line":352,"column":34}}],"line":351},"20":{"loc":{"start":{"line":351,"column":7},"end":{"line":351,"column":79}},"type":"binary-expr","locations":[{"start":{"line":351,"column":7},"end":{"line":351,"column":73}},{"start":{"line":351,"column":77},"end":{"line":351,"column":79}}],"line":351},"21":{"loc":{"start":{"line":351,"column":8},"end":{"line":351,"column":65}},"type":"binary-expr","locations":[{"start":{"line":351,"column":8},"end":{"line":351,"column":59}},{"start":{"line":351,"column":63},"end":{"line":351,"column":65}}],"line":351},"22":{"loc":{"start":{"line":351,"column":9},"end":{"line":351,"column":51}},"type":"binary-expr","locations":[{"start":{"line":351,"column":9},"end":{"line":351,"column":45}},{"start":{"line":351,"column":49},"end":{"line":351,"column":51}}],"line":351},"23":{"loc":{"start":{"line":452,"column":4},"end":{"line":456,"column":5}},"type":"if","locations":[{"start":{"line":452,"column":4},"end":{"line":456,"column":5}},{"start":{"line":452,"column":4},"end":{"line":456,"column":5}}],"line":452},"24":{"loc":{"start":{"line":469,"column":4},"end":{"line":478,"column":5}},"type":"if","locations":[{"start":{"line":469,"column":4},"end":{"line":478,"column":5}},{"start":{"line":469,"column":4},"end":{"line":478,"column":5}}],"line":469},"25":{"loc":{"start":{"line":485,"column":4},"end":{"line":490,"column":5}},"type":"if","locations":[{"start":{"line":485,"column":4},"end":{"line":490,"column":5}},{"start":{"line":485,"column":4},"end":{"line":490,"column":5}}],"line":485},"26":{"loc":{"start":{"line":540,"column":2},"end":{"line":546,"column":3}},"type":"if","locations":[{"start":{"line":540,"column":2},"end":{"line":546,"column":3}},{"start":{"line":540,"column":2},"end":{"line":546,"column":3}}],"line":540},"27":{"loc":{"start":{"line":541,"column":4},"end":{"line":542,"column":37}},"type":"binary-expr","locations":[{"start":{"line":541,"column":4},"end":{"line":541,"column":74}},{"start":{"line":542,"column":4},"end":{"line":542,"column":37}}],"line":541},"28":{"loc":{"start":{"line":576,"column":4},"end":{"line":594,"column":5}},"type":"if","locations":[{"start":{"line":576,"column":4},"end":{"line":594,"column":5}},{"start":{"line":576,"column":4},"end":{"line":594,"column":5}}],"line":576}},"s":{"0":1,"1":1,"2":1,"3":1,"4":1,"5":1,"6":27,"7":1,"8":1,"9":1,"10":1,"11":1,"12":0,"13":0,"14":0,"15":1,"16":1,"17":26,"18":26,"19":3,"20":23,"21":0,"22":23,"23":10,"24":3,"25":3,"26":3,"27":3,"28":1,"29":23,"30":23,"31":0,"32":0,"33":1,"34":23,"35":23,"36":0,"37":0,"38":0,"39":0,"40":0,"41":0,"42":0,"43":1,"44":21,"45":21,"46":2,"47":1,"48":23,"49":23,"50":0,"51":0,"52":0,"53":1,"54":23,"55":23,"56":1,"57":1,"58":1,"59":22,"60":22,"61":1,"62":1,"63":1,"64":23,"65":0,"66":0,"67":1,"68":19,"69":5,"70":5,"71":1,"72":23,"73":23,"74":0,"75":0,"76":0,"77":1,"78":23,"79":23,"80":0,"81":0,"82":0,"83":1,"84":14,"85":14,"86":14,"87":14,"88":14,"89":14,"90":14,"91":7,"92":7,"93":7,"94":7,"95":7,"96":0,"97":0,"98":0,"99":0,"100":0,"101":7,"102":7,"103":7,"104":7,"105":0,"106":0,"107":0,"108":0,"109":0,"110":0,"111":0,"112":0,"113":0,"114":0,"115":0,"116":0,"117":0,"118":0,"119":0,"120":0,"121":0,"122":0,"123":0,"124":0,"125":14,"126":1,"127":27,"128":27,"129":0,"130":1,"131":26,"132":0,"133":0,"134":0,"135":1,"136":14,"137":0,"138":0,"139":1,"140":0,"141":0,"142":0,"143":0,"144":0,"145":0,"146":1,"147":3,"148":3,"149":3,"150":3,"151":3,"152":3,"153":3,"154":3,"155":3,"156":3,"157":7,"158":7,"159":7,"160":7,"161":7,"162":7,"163":7,"164":7,"165":5,"166":5,"167":5,"168":7,"169":5,"170":1,"171":1,"172":1,"173":0,"174":1,"175":1,"176":1,"177":1,"178":1,"179":1,"180":0,"181":1,"182":1,"183":1,"184":1,"185":1,"186":3,"187":3,"188":3,"189":3,"190":0,"191":0,"192":1,"193":7,"194":7,"195":7,"196":1,"197":241,"198":241,"199":1,"200":0,"201":0,"202":1,"203":7,"204":7,"205":5,"206":5,"207":2,"208":1,"209":14,"210":14,"211":14,"212":1,"213":1,"214":7,"215":1,"216":27,"217":27,"218":1,"219":1,"220":27,"221":1},"f":{"0":27,"1":1,"2":26,"3":3,"4":23,"5":0,"6":23,"7":0,"8":21,"9":2,"10":23,"11":0,"12":23,"13":1,"14":22,"15":1,"16":23,"17":0,"18":19,"19":5,"20":23,"21":0,"22":23,"23":0,"24":14,"25":14,"26":27,"27":0,"28":26,"29":0,"30":14,"31":0,"32":0,"33":0,"34":3,"35":7,"36":5,"37":1,"38":1,"39":3,"40":3,"41":0,"42":7,"43":241,"44":0,"45":7,"46":14,"47":14,"48":1,"49":7,"50":27,"51":27},"b":{"0":[0,1],"1":[3,23],"2":[3,2],"3":[0,23],"4":[10,13],"5":[23,2,1],"6":[23,2,1],"7":[21,19,6,6],"8":[23,21,8],"9":[23,21,21,8],"10":[22,20,20,7],"11":[23,9],"12":[19,5,5,1],"13":[23,21,8],"14":[23,21,8],"15":[7,0,7,0,0,0],"16":[0,0],"17":[0,0],"18":[0,0],"19":[27,0],"20":[27,0],"21":[27,0],"22":[27,0],"23":[5,2],"24":[0,1],"25":[0,1],"26":[5,2],"27":[7,7],"28":[1,26]},"_coverageSchema":"43e27e138ebf9cfc5966b082cf9a028302ed4184","hash":"7ecbfbe25bf6d077bba0be9e1883c2d7ee7cbb3d"}
}
