TN:
SF:/Users/mlomboglia/Desktop/alexa/alexa-skill-heytube/lambda/index.js
FN:10,(anonymous_0)
FN:15,(anonymous_1)
FN:37,(anonymous_2)
FN:62,(anonymous_3)
FN:72,(anonymous_4)
FN:81,(anonymous_5)
FN:88,(anonymous_6)
FN:97,(anonymous_7)
FN:106,(anonymous_8)
FN:118,(anonymous_9)
FN:124,(anonymous_10)
FN:134,(anonymous_11)
FN:142,(anonymous_12)
FN:155,(anonymous_13)
FN:162,(anonymous_14)
FN:175,(anonymous_15)
FN:182,(anonymous_16)
FN:188,(anonymous_17)
FN:199,(anonymous_18)
FN:211,(anonymous_19)
FN:218,(anonymous_20)
FN:228,(anonymous_21)
FN:237,(anonymous_22)
FN:247,(anonymous_23)
FN:259,(anonymous_24)
FN:262,(anonymous_25)
FN:344,(anonymous_26)
FN:351,(anonymous_27)
FN:360,(anonymous_28)
FN:366,(anonymous_29)
FN:376,(anonymous_30)
FN:382,(anonymous_31)
FN:393,(anonymous_32)
FN:396,(anonymous_33)
FN:413,(anonymous_34)
FN:429,(anonymous_35)
FN:462,(anonymous_36)
FN:468,(anonymous_37)
FN:485,(anonymous_38)
FN:500,(anonymous_39)
FN:504,(anonymous_40)
FN:512,(anonymous_41)
FN:517,(anonymous_42)
FN:522,(anonymous_43)
FN:527,getIndex
FN:532,setNextIndex
FN:536,(anonymous_46)
FN:541,(anonymous_47)
FN:556,(anonymous_48)
FN:583,(anonymous_49)
FNF:50
FNH:38
FNDA:27,(anonymous_0)
FNDA:1,(anonymous_1)
FNDA:26,(anonymous_2)
FNDA:3,(anonymous_3)
FNDA:23,(anonymous_4)
FNDA:0,(anonymous_5)
FNDA:23,(anonymous_6)
FNDA:0,(anonymous_7)
FNDA:21,(anonymous_8)
FNDA:2,(anonymous_9)
FNDA:23,(anonymous_10)
FNDA:0,(anonymous_11)
FNDA:23,(anonymous_12)
FNDA:1,(anonymous_13)
FNDA:22,(anonymous_14)
FNDA:1,(anonymous_15)
FNDA:23,(anonymous_16)
FNDA:0,(anonymous_17)
FNDA:19,(anonymous_18)
FNDA:5,(anonymous_19)
FNDA:23,(anonymous_20)
FNDA:0,(anonymous_21)
FNDA:23,(anonymous_22)
FNDA:0,(anonymous_23)
FNDA:14,(anonymous_24)
FNDA:14,(anonymous_25)
FNDA:27,(anonymous_26)
FNDA:0,(anonymous_27)
FNDA:26,(anonymous_28)
FNDA:0,(anonymous_29)
FNDA:14,(anonymous_30)
FNDA:0,(anonymous_31)
FNDA:0,(anonymous_32)
FNDA:0,(anonymous_33)
FNDA:3,(anonymous_34)
FNDA:7,(anonymous_35)
FNDA:5,(anonymous_36)
FNDA:1,(anonymous_37)
FNDA:1,(anonymous_38)
FNDA:3,(anonymous_39)
FNDA:7,(anonymous_40)
FNDA:241,(anonymous_41)
FNDA:0,(anonymous_42)
FNDA:14,(anonymous_43)
FNDA:14,getIndex
FNDA:1,setNextIndex
FNDA:7,(anonymous_46)
FNDA:7,(anonymous_47)
FNDA:27,(anonymous_48)
FNDA:27,(anonymous_49)
DA:1,1
DA:2,1
DA:3,1
DA:5,1
DA:9,1
DA:11,27
DA:16,1
DA:17,1
DA:19,1
DA:20,1
DA:21,1
DA:22,0
DA:23,0
DA:26,0
DA:29,1
DA:36,1
DA:38,26
DA:40,26
DA:41,3
DA:47,23
DA:51,0
DA:54,23
DA:57,10
DA:63,3
DA:65,3
DA:66,3
DA:67,3
DA:71,1
DA:73,23
DA:75,23
DA:82,0
DA:83,0
DA:87,1
DA:89,23
DA:91,23
DA:98,0
DA:99,0
DA:100,0
DA:101,0
DA:105,1
DA:107,21
DA:109,21
DA:119,2
DA:123,1
DA:125,23
DA:127,23
DA:135,0
DA:136,0
DA:137,0
DA:141,1
DA:143,23
DA:145,23
DA:156,1
DA:157,1
DA:161,1
DA:163,22
DA:165,22
DA:176,1
DA:177,1
DA:181,1
DA:183,23
DA:190,0
DA:192,0
DA:198,1
DA:201,19
DA:212,5
DA:213,5
DA:217,1
DA:219,23
DA:221,23
DA:229,0
DA:230,0
DA:232,0
DA:236,1
DA:238,23
DA:240,23
DA:248,0
DA:249,0
DA:251,0
DA:258,1
DA:260,14
DA:263,14
DA:264,14
DA:265,14
DA:267,14
DA:268,14
DA:269,14
DA:271,7
DA:272,7
DA:273,7
DA:274,7
DA:275,7
DA:277,0
DA:278,0
DA:279,0
DA:281,0
DA:282,0
DA:284,7
DA:285,7
DA:286,7
DA:289,7
DA:292,0
DA:293,0
DA:295,0
DA:297,0
DA:298,0
DA:305,0
DA:306,0
DA:307,0
DA:309,0
DA:311,0
DA:312,0
DA:313,0
DA:314,0
DA:315,0
DA:317,0
DA:326,0
DA:328,0
DA:329,0
DA:334,0
DA:336,0
DA:339,14
DA:343,1
DA:345,27
DA:349,27
DA:352,0
DA:359,1
DA:361,26
DA:367,0
DA:368,0
DA:369,0
DA:375,1
DA:377,14
DA:383,0
DA:385,0
DA:392,1
DA:394,0
DA:397,0
DA:398,0
DA:399,0
DA:401,0
DA:403,0
DA:412,1
DA:414,3
DA:415,3
DA:420,3
DA:421,3
DA:422,3
DA:423,3
DA:424,3
DA:425,3
DA:426,3
DA:427,3
DA:430,7
DA:431,7
DA:432,7
DA:433,7
DA:434,7
DA:435,7
DA:436,7
DA:437,7
DA:438,7
DA:439,7
DA:440,7
DA:441,7
DA:442,7
DA:443,7
DA:454,7
DA:455,5
DA:456,5
DA:457,5
DA:459,7
DA:460,7
DA:463,5
DA:469,1
DA:470,1
DA:471,1
DA:473,0
DA:479,1
DA:481,1
DA:482,1
DA:483,1
DA:486,1
DA:487,1
DA:488,0
DA:493,1
DA:494,1
DA:495,1
DA:496,1
DA:500,1
DA:501,3
DA:504,1
DA:505,7
DA:506,7
DA:509,7
DA:512,1
DA:513,241
DA:514,241
DA:517,1
DA:518,0
DA:519,0
DA:522,1
DA:524,14
DA:528,14
DA:529,14
DA:533,1
DA:536,1
DA:538,7
DA:541,1
DA:542,7
DA:544,7
DA:548,5
DA:549,5
DA:551,2
DA:555,1
DA:557,27
DA:560,27
DA:561,1
DA:582,1
DA:584,27
DA:591,1
LF:221
LH:159
BRDA:21,0,0,0
BRDA:21,0,1,1
BRDA:40,1,0,3
BRDA:40,1,1,23
BRDA:42,2,0,3
BRDA:42,2,1,2
BRDA:47,3,0,0
BRDA:47,3,1,23
BRDA:54,4,0,10
BRDA:54,4,1,13
BRDA:76,5,0,23
BRDA:76,5,1,2
BRDA:76,5,2,1
BRDA:92,6,0,23
BRDA:92,6,1,2
BRDA:92,6,2,1
BRDA:110,7,0,21
BRDA:110,7,1,19
BRDA:110,7,2,6
BRDA:110,7,3,6
BRDA:128,8,0,23
BRDA:128,8,1,21
BRDA:128,8,2,8
BRDA:146,9,0,23
BRDA:146,9,1,21
BRDA:146,9,2,21
BRDA:146,9,3,8
BRDA:166,10,0,22
BRDA:166,10,1,20
BRDA:166,10,2,20
BRDA:166,10,3,7
BRDA:184,11,0,23
BRDA:184,11,1,9
BRDA:202,12,0,19
BRDA:202,12,1,5
BRDA:202,12,2,5
BRDA:202,12,3,1
BRDA:222,13,0,23
BRDA:222,13,1,21
BRDA:222,13,2,8
BRDA:241,14,0,23
BRDA:241,14,1,21
BRDA:241,14,2,8
BRDA:269,15,0,7
BRDA:269,15,1,0
BRDA:269,15,2,7
BRDA:269,15,3,0
BRDA:269,15,4,0
BRDA:269,15,5,0
BRDA:292,16,0,0
BRDA:292,16,1,0
BRDA:295,17,0,0
BRDA:295,17,1,0
BRDA:306,18,0,0
BRDA:306,18,1,0
BRDA:346,19,0,27
BRDA:346,19,1,0
BRDA:346,20,0,27
BRDA:346,20,1,0
BRDA:346,21,0,27
BRDA:346,21,1,0
BRDA:346,22,0,27
BRDA:346,22,1,0
BRDA:454,23,0,5
BRDA:454,23,1,2
BRDA:471,24,0,0
BRDA:471,24,1,1
BRDA:487,25,0,0
BRDA:487,25,1,1
BRDA:544,26,0,5
BRDA:544,26,1,2
BRDA:545,27,0,7
BRDA:545,27,1,7
BRDA:560,28,0,1
BRDA:560,28,1,26
BRF:75
BRH:57
end_of_record
