{
  "numFailedTestSuites": 0,
  "numFailedTests": 0,
  "numPassedTestSuites": 1,
  "numPassedTests": 4,
  "numPendingTestSuites": 0,
  "numPendingTests": 0,
  "numRuntimeErrorTestSuites": 0,
  "numTodoTests": 0,
  "numTotalTestSuites": 1,
  "numTotalTests": 4,
  "openHandles": [],
  "snapshot": {
    "added": 0,
    "didUpdate": false,
    "failure": false,
    "filesAdded": 0,
    "filesRemoved": 0,
    "filesRemovedList": [],
    "filesUnmatched": 0,
    "filesUpdated": 0,
    "matched": 0,
    "total": 0,
    "unchecked": 0,
    "uncheckedKeysByFile": [],
    "unmatched": 0,
    "updated": 0
  },
  "startTime": 1611004082501,
  "success": false,
  "testResults": [
    {
      "failureMessage": null,
      "leaks": false,
      "memoryUsage": 0,
      "numFailingTests": 0,
      "numPassingTests": 4,
      "numPendingTests": 0,
      "numTodoTests": 0,
      "skipped": false,
      "snapshot": {
        "added": 0,
        "fileDeleted": false,
        "matched": 0,
        "unchecked": 0,
        "uncheckedKeys": [],
        "unmatched": 0,
        "updated": 0
      },
      "testFilePath": "/Users/mlomboglia/Desktop/alexa/alexa-skill-heytube/test/unit/intents.test.yml",
      "testResults": [
        {
          "ancestorTitles": [
            "en-GB",
            "Launch request, no further interaction."
          ],
          "duration": 2012,
          "failureMessages": [],
          "location": {
            "column": 0,
            "line": 0
          },
          "numPassingAsserts": 0,
          "status": "passed",
          "title": "LaunchRequest"
        },
        {
          "ancestorTitles": [
            "en-GB",
            "Launch request, no further interaction."
          ],
          "duration": 32,
          "failureMessages": [],
          "location": {
            "column": 0,
            "line": 0
          },
          "numPassingAsserts": 0,
          "status": "passed",
          "title": "AMAZON.StopIntent"
        },
        {
          "ancestorTitles": [
            "en-GB",
            "Launch request and start playing audio."
          ],
          "duration": 2542,
          "failureMessages": [],
          "location": {
            "column": 0,
            "line": 0
          },
          "numPassingAsserts": 0,
          "status": "passed",
          "title": "GetVideoIntent videoQuery=Whitesnake"
        },
        {
          "ancestorTitles": [
            "en-GB",
            "Launch request and start playing audio."
          ],
          "duration": 39,
          "failureMessages": [],
          "location": {
            "column": 0,
            "line": 0
          },
          "numPassingAsserts": 0,
          "status": "passed",
          "title": "AMAZON.StopIntent"
        },
        {
          "ancestorTitles": [
            "en-GB",
            "Launch request and start playing audio."
          ],
          "duration": 883,
          "failureMessages": [],
          "location": {
            "column": 0,
            "line": 0
          },
          "numPassingAsserts": 0,
          "status": "passed",
          "title": "AMAZON.ResumeIntent"
        },
        {
          "ancestorTitles": [
            "en-GB",
            "Pause audio and resume."
          ],
          "duration": 2464,
          "failureMessages": [],
          "location": {
            "column": 0,
            "line": 0
          },
          "numPassingAsserts": 0,
          "status": "passed",
          "title": "GetVideoIntent videoQuery=Whitesnake"
        },
        {
          "ancestorTitles": [
            "en-GB",
            "Pause audio and resume."
          ],
          "duration": 39,
          "failureMessages": [],
          "location": {
            "column": 0,
            "line": 0
          },
          "numPassingAsserts": 0,
          "status": "passed",
          "title": "AMAZON.PauseIntent"
        },
        {
          "ancestorTitles": [
            "en-GB",
            "Pause audio and resume."
          ],
          "duration": 863,
          "failureMessages": [],
          "location": {
            "column": 0,
            "line": 0
          },
          "numPassingAsserts": 0,
          "status": "passed",
          "title": "AMAZON.ResumeIntent"
        },
        {
          "ancestorTitles": [
            "en-GB",
            "Pause audio and resume."
          ],
          "duration": 35,
          "failureMessages": [],
          "location": {
            "column": 0,
            "line": 0
          },
          "numPassingAsserts": 0,
          "status": "passed",
          "title": "AMAZON.StopIntent"
        },
        {
          "ancestorTitles": [
            "en-GB",
            "Start audio, next track, previous track, stop."
          ],
          "duration": 2440,
          "failureMessages": [],
          "location": {
            "column": 0,
            "line": 0
          },
          "numPassingAsserts": 0,
          "status": "passed",
          "title": "GetVideoIntent videoQuery=Whitesnake"
        },
        {
          "ancestorTitles": [
            "en-GB",
            "Start audio, next track, previous track, stop."
          ],
          "duration": 919,
          "failureMessages": [],
          "location": {
            "column": 0,
            "line": 0
          },
          "numPassingAsserts": 0,
          "status": "passed",
          "title": "AMAZON.NextIntent"
        },
        {
          "ancestorTitles": [
            "en-GB",
            "Start audio, next track, previous track, stop."
          ],
          "duration": 1804,
          "failureMessages": [],
          "location": {
            "column": 0,
            "line": 0
          },
          "numPassingAsserts": 0,
          "status": "passed",
          "title": "AMAZON.PreviousIntent"
        },
        {
          "ancestorTitles": [
            "en-GB",
            "Start audio, next track, previous track, stop."
          ],
          "duration": 45,
          "failureMessages": [],
          "location": {
            "column": 0,
            "line": 0
          },
          "numPassingAsserts": 0,
          "status": "passed",
          "title": "AMAZON.StopIntent"
        }
      ],
      "perfStats": {
        "end": 1611004099030,
        "start": 1611004083098
      }
    }
  ],
  "wasInterrupted": false,
  "coverageMap": {
    "/Users/mlomboglia/Desktop/alexa/alexa-skill-heytube/lambda/index.js": {
      "path": "/Users/mlomboglia/Desktop/alexa/alexa-skill-heytube/lambda/index.js",
      "statementMap": {
        "0": {
          "start": {
            "line": 1,
            "column": 14
          },
          "end": {
            "line": 1,
            "column": 32
          }
        },
        "1": {
          "start": {
            "line": 2,
            "column": 13
          },
          "end": {
            "line": 2,
            "column": 33
          }
        },
        "2": {
          "start": {
            "line": 3,
            "column": 15
          },
          "end": {
            "line": 3,
            "column": 33
          }
        },
        "3": {
          "start": {
            "line": 5,
            "column": 18
          },
          "end": {
            "line": 5,
            "column": 40
          }
        },
        "4": {
          "start": {
            "line": 9,
            "column": 29
          },
          "end": {
            "line": 34,
            "column": 1
          }
        },
        "5": {
          "start": {
            "line": 11,
            "column": 4
          },
          "end": {
            "line": 13,
            "column": 6
          }
        },
        "6": {
          "start": {
            "line": 16,
            "column": 4
          },
          "end": {
            "line": 16,
            "column": 40
          }
        },
        "7": {
          "start": {
            "line": 17,
            "column": 25
          },
          "end": {
            "line": 17,
            "column": 60
          }
        },
        "8": {
          "start": {
            "line": 19,
            "column": 6
          },
          "end": {
            "line": 19,
            "column": 68
          }
        },
        "9": {
          "start": {
            "line": 20,
            "column": 19
          },
          "end": {
            "line": 20,
            "column": 76
          }
        },
        "10": {
          "start": {
            "line": 21,
            "column": 4
          },
          "end": {
            "line": 27,
            "column": 5
          }
        },
        "11": {
          "start": {
            "line": 22,
            "column": 6
          },
          "end": {
            "line": 22,
            "column": 45
          }
        },
        "12": {
          "start": {
            "line": 23,
            "column": 6
          },
          "end": {
            "line": 25,
            "column": 36
          }
        },
        "13": {
          "start": {
            "line": 26,
            "column": 6
          },
          "end": {
            "line": 26,
            "column": 73
          }
        },
        "14": {
          "start": {
            "line": 29,
            "column": 4
          },
          "end": {
            "line": 32,
            "column": 21
          }
        },
        "15": {
          "start": {
            "line": 36,
            "column": 29
          },
          "end": {
            "line": 69,
            "column": 1
          }
        },
        "16": {
          "start": {
            "line": 38,
            "column": 25
          },
          "end": {
            "line": 38,
            "column": 60
          }
        },
        "17": {
          "start": {
            "line": 40,
            "column": 4
          },
          "end": {
            "line": 46,
            "column": 5
          }
        },
        "18": {
          "start": {
            "line": 41,
            "column": 6
          },
          "end": {
            "line": 45,
            "column": 8
          }
        },
        "19": {
          "start": {
            "line": 47,
            "column": 4
          },
          "end": {
            "line": 52,
            "column": 5
          }
        },
        "20": {
          "start": {
            "line": 51,
            "column": 6
          },
          "end": {
            "line": 51,
            "column": 18
          }
        },
        "21": {
          "start": {
            "line": 54,
            "column": 4
          },
          "end": {
            "line": 60,
            "column": 5
          }
        },
        "22": {
          "start": {
            "line": 57,
            "column": 6
          },
          "end": {
            "line": 59,
            "column": 8
          }
        },
        "23": {
          "start": {
            "line": 63,
            "column": 4
          },
          "end": {
            "line": 63,
            "column": 40
          }
        },
        "24": {
          "start": {
            "line": 65,
            "column": 6
          },
          "end": {
            "line": 65,
            "column": 72
          }
        },
        "25": {
          "start": {
            "line": 66,
            "column": 4
          },
          "end": {
            "line": 66,
            "column": 28
          }
        },
        "26": {
          "start": {
            "line": 67,
            "column": 4
          },
          "end": {
            "line": 67,
            "column": 61
          }
        },
        "27": {
          "start": {
            "line": 71,
            "column": 25
          },
          "end": {
            "line": 85,
            "column": 1
          }
        },
        "28": {
          "start": {
            "line": 73,
            "column": 25
          },
          "end": {
            "line": 73,
            "column": 60
          }
        },
        "29": {
          "start": {
            "line": 75,
            "column": 4
          },
          "end": {
            "line": 79,
            "column": 6
          }
        },
        "30": {
          "start": {
            "line": 82,
            "column": 4
          },
          "end": {
            "line": 82,
            "column": 30
          }
        },
        "31": {
          "start": {
            "line": 83,
            "column": 4
          },
          "end": {
            "line": 83,
            "column": 54
          }
        },
        "32": {
          "start": {
            "line": 87,
            "column": 24
          },
          "end": {
            "line": 103,
            "column": 1
          }
        },
        "33": {
          "start": {
            "line": 89,
            "column": 25
          },
          "end": {
            "line": 89,
            "column": 60
          }
        },
        "34": {
          "start": {
            "line": 91,
            "column": 4
          },
          "end": {
            "line": 95,
            "column": 6
          }
        },
        "35": {
          "start": {
            "line": 98,
            "column": 4
          },
          "end": {
            "line": 98,
            "column": 29
          }
        },
        "36": {
          "start": {
            "line": 99,
            "column": 25
          },
          "end": {
            "line": 99,
            "column": 60
          }
        },
        "37": {
          "start": {
            "line": 100,
            "column": 4
          },
          "end": {
            "line": 100,
            "column": 42
          }
        },
        "38": {
          "start": {
            "line": 101,
            "column": 4
          },
          "end": {
            "line": 101,
            "column": 59
          }
        },
        "39": {
          "start": {
            "line": 105,
            "column": 36
          },
          "end": {
            "line": 121,
            "column": 1
          }
        },
        "40": {
          "start": {
            "line": 107,
            "column": 25
          },
          "end": {
            "line": 107,
            "column": 60
          }
        },
        "41": {
          "start": {
            "line": 109,
            "column": 4
          },
          "end": {
            "line": 116,
            "column": 6
          }
        },
        "42": {
          "start": {
            "line": 119,
            "column": 4
          },
          "end": {
            "line": 119,
            "column": 54
          }
        },
        "43": {
          "start": {
            "line": 123,
            "column": 31
          },
          "end": {
            "line": 139,
            "column": 1
          }
        },
        "44": {
          "start": {
            "line": 125,
            "column": 25
          },
          "end": {
            "line": 125,
            "column": 60
          }
        },
        "45": {
          "start": {
            "line": 127,
            "column": 4
          },
          "end": {
            "line": 132,
            "column": 6
          }
        },
        "46": {
          "start": {
            "line": 135,
            "column": 4
          },
          "end": {
            "line": 135,
            "column": 36
          }
        },
        "47": {
          "start": {
            "line": 136,
            "column": 4
          },
          "end": {
            "line": 136,
            "column": 42
          }
        },
        "48": {
          "start": {
            "line": 137,
            "column": 4
          },
          "end": {
            "line": 137,
            "column": 59
          }
        },
        "49": {
          "start": {
            "line": 141,
            "column": 34
          },
          "end": {
            "line": 159,
            "column": 1
          }
        },
        "50": {
          "start": {
            "line": 143,
            "column": 25
          },
          "end": {
            "line": 143,
            "column": 60
          }
        },
        "51": {
          "start": {
            "line": 145,
            "column": 4
          },
          "end": {
            "line": 153,
            "column": 6
          }
        },
        "52": {
          "start": {
            "line": 156,
            "column": 4
          },
          "end": {
            "line": 156,
            "column": 39
          }
        },
        "53": {
          "start": {
            "line": 157,
            "column": 4
          },
          "end": {
            "line": 157,
            "column": 45
          }
        },
        "54": {
          "start": {
            "line": 161,
            "column": 38
          },
          "end": {
            "line": 179,
            "column": 1
          }
        },
        "55": {
          "start": {
            "line": 163,
            "column": 25
          },
          "end": {
            "line": 163,
            "column": 60
          }
        },
        "56": {
          "start": {
            "line": 165,
            "column": 4
          },
          "end": {
            "line": 173,
            "column": 6
          }
        },
        "57": {
          "start": {
            "line": 176,
            "column": 4
          },
          "end": {
            "line": 176,
            "column": 43
          }
        },
        "58": {
          "start": {
            "line": 177,
            "column": 4
          },
          "end": {
            "line": 177,
            "column": 49
          }
        },
        "59": {
          "start": {
            "line": 181,
            "column": 26
          },
          "end": {
            "line": 197,
            "column": 1
          }
        },
        "60": {
          "start": {
            "line": 183,
            "column": 4
          },
          "end": {
            "line": 186,
            "column": 6
          }
        },
        "61": {
          "start": {
            "line": 190,
            "column": 6
          },
          "end": {
            "line": 190,
            "column": 88
          }
        },
        "62": {
          "start": {
            "line": 192,
            "column": 4
          },
          "end": {
            "line": 195,
            "column": 21
          }
        },
        "63": {
          "start": {
            "line": 198,
            "column": 34
          },
          "end": {
            "line": 215,
            "column": 1
          }
        },
        "64": {
          "start": {
            "line": 201,
            "column": 4
          },
          "end": {
            "line": 209,
            "column": 6
          }
        },
        "65": {
          "start": {
            "line": 212,
            "column": 4
          },
          "end": {
            "line": 212,
            "column": 45
          }
        },
        "66": {
          "start": {
            "line": 213,
            "column": 4
          },
          "end": {
            "line": 213,
            "column": 53
          }
        },
        "67": {
          "start": {
            "line": 217,
            "column": 28
          },
          "end": {
            "line": 234,
            "column": 1
          }
        },
        "68": {
          "start": {
            "line": 219,
            "column": 25
          },
          "end": {
            "line": 219,
            "column": 60
          }
        },
        "69": {
          "start": {
            "line": 221,
            "column": 4
          },
          "end": {
            "line": 226,
            "column": 6
          }
        },
        "70": {
          "start": {
            "line": 229,
            "column": 28
          },
          "end": {
            "line": 229,
            "column": 66
          }
        },
        "71": {
          "start": {
            "line": 230,
            "column": 4
          },
          "end": {
            "line": 230,
            "column": 32
          }
        },
        "72": {
          "start": {
            "line": 232,
            "column": 4
          },
          "end": {
            "line": 232,
            "column": 78
          }
        },
        "73": {
          "start": {
            "line": 236,
            "column": 29
          },
          "end": {
            "line": 253,
            "column": 1
          }
        },
        "74": {
          "start": {
            "line": 238,
            "column": 25
          },
          "end": {
            "line": 238,
            "column": 60
          }
        },
        "75": {
          "start": {
            "line": 240,
            "column": 4
          },
          "end": {
            "line": 245,
            "column": 6
          }
        },
        "76": {
          "start": {
            "line": 248,
            "column": 28
          },
          "end": {
            "line": 248,
            "column": 66
          }
        },
        "77": {
          "start": {
            "line": 249,
            "column": 4
          },
          "end": {
            "line": 249,
            "column": 33
          }
        },
        "78": {
          "start": {
            "line": 251,
            "column": 4
          },
          "end": {
            "line": 251,
            "column": 79
          }
        },
        "79": {
          "start": {
            "line": 258,
            "column": 32
          },
          "end": {
            "line": 341,
            "column": 1
          }
        },
        "80": {
          "start": {
            "line": 260,
            "column": 4
          },
          "end": {
            "line": 260,
            "column": 80
          }
        },
        "81": {
          "start": {
            "line": 263,
            "column": 49
          },
          "end": {
            "line": 263,
            "column": 61
          }
        },
        "82": {
          "start": {
            "line": 264,
            "column": 33
          },
          "end": {
            "line": 264,
            "column": 75
          }
        },
        "83": {
          "start": {
            "line": 265,
            "column": 25
          },
          "end": {
            "line": 265,
            "column": 60
          }
        },
        "84": {
          "start": {
            "line": 267,
            "column": 4
          },
          "end": {
            "line": 267,
            "column": 43
          }
        },
        "85": {
          "start": {
            "line": 268,
            "column": 4
          },
          "end": {
            "line": 268,
            "column": 38
          }
        },
        "86": {
          "start": {
            "line": 269,
            "column": 4
          },
          "end": {
            "line": 337,
            "column": 5
          }
        },
        "87": {
          "start": {
            "line": 271,
            "column": 8
          },
          "end": {
            "line": 271,
            "column": 52
          }
        },
        "88": {
          "start": {
            "line": 272,
            "column": 8
          },
          "end": {
            "line": 272,
            "column": 58
          }
        },
        "89": {
          "start": {
            "line": 273,
            "column": 8
          },
          "end": {
            "line": 273,
            "column": 46
          }
        },
        "90": {
          "start": {
            "line": 274,
            "column": 8
          },
          "end": {
            "line": 274,
            "column": 55
          }
        },
        "91": {
          "start": {
            "line": 275,
            "column": 8
          },
          "end": {
            "line": 275,
            "column": 14
          }
        },
        "92": {
          "start": {
            "line": 277,
            "column": 8
          },
          "end": {
            "line": 277,
            "column": 47
          }
        },
        "93": {
          "start": {
            "line": 278,
            "column": 8
          },
          "end": {
            "line": 278,
            "column": 56
          }
        },
        "94": {
          "start": {
            "line": 279,
            "column": 8
          },
          "end": {
            "line": 279,
            "column": 48
          }
        },
        "95": {
          "start": {
            "line": 281,
            "column": 8
          },
          "end": {
            "line": 281,
            "column": 41
          }
        },
        "96": {
          "start": {
            "line": 282,
            "column": 8
          },
          "end": {
            "line": 282,
            "column": 14
          }
        },
        "97": {
          "start": {
            "line": 284,
            "column": 8
          },
          "end": {
            "line": 284,
            "column": 52
          }
        },
        "98": {
          "start": {
            "line": 285,
            "column": 8
          },
          "end": {
            "line": 285,
            "column": 58
          }
        },
        "99": {
          "start": {
            "line": 286,
            "column": 8
          },
          "end": {
            "line": 288,
            "column": 10
          }
        },
        "100": {
          "start": {
            "line": 289,
            "column": 8
          },
          "end": {
            "line": 289,
            "column": 14
          }
        },
        "101": {
          "start": {
            "line": 292,
            "column": 10
          },
          "end": {
            "line": 294,
            "column": 11
          }
        },
        "102": {
          "start": {
            "line": 293,
            "column": 12
          },
          "end": {
            "line": 293,
            "column": 18
          }
        },
        "103": {
          "start": {
            "line": 295,
            "column": 10
          },
          "end": {
            "line": 324,
            "column": 11
          }
        },
        "104": {
          "start": {
            "line": 297,
            "column": 12
          },
          "end": {
            "line": 297,
            "column": 66
          }
        },
        "105": {
          "start": {
            "line": 298,
            "column": 12
          },
          "end": {
            "line": 302,
            "column": 14
          }
        },
        "106": {
          "start": {
            "line": 305,
            "column": 36
          },
          "end": {
            "line": 305,
            "column": 74
          }
        },
        "107": {
          "start": {
            "line": 306,
            "column": 12
          },
          "end": {
            "line": 310,
            "column": 13
          }
        },
        "108": {
          "start": {
            "line": 307,
            "column": 14
          },
          "end": {
            "line": 307,
            "column": 69
          }
        },
        "109": {
          "start": {
            "line": 309,
            "column": 14
          },
          "end": {
            "line": 309,
            "column": 73
          }
        },
        "110": {
          "start": {
            "line": 311,
            "column": 32
          },
          "end": {
            "line": 311,
            "column": 71
          }
        },
        "111": {
          "start": {
            "line": 312,
            "column": 42
          },
          "end": {
            "line": 312,
            "column": 60
          }
        },
        "112": {
          "start": {
            "line": 313,
            "column": 41
          },
          "end": {
            "line": 313,
            "column": 42
          }
        },
        "113": {
          "start": {
            "line": 314,
            "column": 33
          },
          "end": {
            "line": 314,
            "column": 42
          }
        },
        "114": {
          "start": {
            "line": 315,
            "column": 12
          },
          "end": {
            "line": 315,
            "column": 51
          }
        },
        "115": {
          "start": {
            "line": 317,
            "column": 12
          },
          "end": {
            "line": 323,
            "column": 14
          }
        },
        "116": {
          "start": {
            "line": 326,
            "column": 8
          },
          "end": {
            "line": 326,
            "column": 14
          }
        },
        "117": {
          "start": {
            "line": 328,
            "column": 8
          },
          "end": {
            "line": 328,
            "column": 47
          }
        },
        "118": {
          "start": {
            "line": 329,
            "column": 8
          },
          "end": {
            "line": 332,
            "column": 10
          }
        },
        "119": {
          "start": {
            "line": 334,
            "column": 8
          },
          "end": {
            "line": 334,
            "column": 49
          }
        },
        "120": {
          "start": {
            "line": 336,
            "column": 8
          },
          "end": {
            "line": 336,
            "column": 52
          }
        },
        "121": {
          "start": {
            "line": 339,
            "column": 4
          },
          "end": {
            "line": 339,
            "column": 41
          }
        },
        "122": {
          "start": {
            "line": 343,
            "column": 35
          },
          "end": {
            "line": 357,
            "column": 1
          }
        },
        "123": {
          "start": {
            "line": 345,
            "column": 33
          },
          "end": {
            "line": 348,
            "column": 17
          }
        },
        "124": {
          "start": {
            "line": 349,
            "column": 4
          },
          "end": {
            "line": 349,
            "column": 46
          }
        },
        "125": {
          "start": {
            "line": 352,
            "column": 4
          },
          "end": {
            "line": 355,
            "column": 21
          }
        },
        "126": {
          "start": {
            "line": 359,
            "column": 31
          },
          "end": {
            "line": 373,
            "column": 1
          }
        },
        "127": {
          "start": {
            "line": 361,
            "column": 4
          },
          "end": {
            "line": 364,
            "column": 6
          }
        },
        "128": {
          "start": {
            "line": 367,
            "column": 4
          },
          "end": {
            "line": 367,
            "column": 42
          }
        },
        "129": {
          "start": {
            "line": 368,
            "column": 4
          },
          "end": {
            "line": 368,
            "column": 71
          }
        },
        "130": {
          "start": {
            "line": 369,
            "column": 4
          },
          "end": {
            "line": 371,
            "column": 6
          }
        },
        "131": {
          "start": {
            "line": 375,
            "column": 35
          },
          "end": {
            "line": 387,
            "column": 1
          }
        },
        "132": {
          "start": {
            "line": 377,
            "column": 4
          },
          "end": {
            "line": 380,
            "column": 6
          }
        },
        "133": {
          "start": {
            "line": 383,
            "column": 4
          },
          "end": {
            "line": 383,
            "column": 46
          }
        },
        "134": {
          "start": {
            "line": 385,
            "column": 4
          },
          "end": {
            "line": 385,
            "column": 54
          }
        },
        "135": {
          "start": {
            "line": 392,
            "column": 21
          },
          "end": {
            "line": 408,
            "column": 1
          }
        },
        "136": {
          "start": {
            "line": 394,
            "column": 4
          },
          "end": {
            "line": 394,
            "column": 16
          }
        },
        "137": {
          "start": {
            "line": 397,
            "column": 4
          },
          "end": {
            "line": 397,
            "column": 32
          }
        },
        "138": {
          "start": {
            "line": 398,
            "column": 4
          },
          "end": {
            "line": 398,
            "column": 23
          }
        },
        "139": {
          "start": {
            "line": 399,
            "column": 4
          },
          "end": {
            "line": 399,
            "column": 51
          }
        },
        "140": {
          "start": {
            "line": 401,
            "column": 6
          },
          "end": {
            "line": 401,
            "column": 85
          }
        },
        "141": {
          "start": {
            "line": 403,
            "column": 4
          },
          "end": {
            "line": 406,
            "column": 21
          }
        },
        "142": {
          "start": {
            "line": 412,
            "column": 19
          },
          "end": {
            "line": 498,
            "column": 1
          }
        },
        "143": {
          "start": {
            "line": 414,
            "column": 4
          },
          "end": {
            "line": 414,
            "column": 23
          }
        },
        "144": {
          "start": {
            "line": 415,
            "column": 17
          },
          "end": {
            "line": 419,
            "column": 5
          }
        },
        "145": {
          "start": {
            "line": 420,
            "column": 25
          },
          "end": {
            "line": 420,
            "column": 60
          }
        },
        "146": {
          "start": {
            "line": 421,
            "column": 4
          },
          "end": {
            "line": 421,
            "column": 40
          }
        },
        "147": {
          "start": {
            "line": 422,
            "column": 4
          },
          "end": {
            "line": 422,
            "column": 27
          }
        },
        "148": {
          "start": {
            "line": 423,
            "column": 4
          },
          "end": {
            "line": 423,
            "column": 42
          }
        },
        "149": {
          "start": {
            "line": 424,
            "column": 4
          },
          "end": {
            "line": 424,
            "column": 45
          }
        },
        "150": {
          "start": {
            "line": 425,
            "column": 4
          },
          "end": {
            "line": 425,
            "column": 31
          }
        },
        "151": {
          "start": {
            "line": 426,
            "column": 4
          },
          "end": {
            "line": 426,
            "column": 52
          }
        },
        "152": {
          "start": {
            "line": 427,
            "column": 4
          },
          "end": {
            "line": 427,
            "column": 47
          }
        },
        "153": {
          "start": {
            "line": 430,
            "column": 4
          },
          "end": {
            "line": 430,
            "column": 24
          }
        },
        "154": {
          "start": {
            "line": 431,
            "column": 51
          },
          "end": {
            "line": 431,
            "column": 63
          }
        },
        "155": {
          "start": {
            "line": 432,
            "column": 25
          },
          "end": {
            "line": 432,
            "column": 60
          }
        },
        "156": {
          "start": {
            "line": 433,
            "column": 25
          },
          "end": {
            "line": 433,
            "column": 38
          }
        },
        "157": {
          "start": {
            "line": 434,
            "column": 4
          },
          "end": {
            "line": 434,
            "column": 30
          }
        },
        "158": {
          "start": {
            "line": 435,
            "column": 55
          },
          "end": {
            "line": 435,
            "column": 67
          }
        },
        "159": {
          "start": {
            "line": 436,
            "column": 4
          },
          "end": {
            "line": 436,
            "column": 23
          }
        },
        "160": {
          "start": {
            "line": 437,
            "column": 4
          },
          "end": {
            "line": 437,
            "column": 27
          }
        },
        "161": {
          "start": {
            "line": 438,
            "column": 22
          },
          "end": {
            "line": 438,
            "column": 38
          }
        },
        "162": {
          "start": {
            "line": 439,
            "column": 24
          },
          "end": {
            "line": 439,
            "column": 63
          }
        },
        "163": {
          "start": {
            "line": 440,
            "column": 4
          },
          "end": {
            "line": 440,
            "column": 57
          }
        },
        "164": {
          "start": {
            "line": 441,
            "column": 4
          },
          "end": {
            "line": 441,
            "column": 33
          }
        },
        "165": {
          "start": {
            "line": 442,
            "column": 4
          },
          "end": {
            "line": 442,
            "column": 38
          }
        },
        "166": {
          "start": {
            "line": 443,
            "column": 4
          },
          "end": {
            "line": 452,
            "column": 8
          }
        },
        "167": {
          "start": {
            "line": 454,
            "column": 4
          },
          "end": {
            "line": 458,
            "column": 5
          }
        },
        "168": {
          "start": {
            "line": 455,
            "column": 24
          },
          "end": {
            "line": 455,
            "column": 52
          }
        },
        "169": {
          "start": {
            "line": 456,
            "column": 26
          },
          "end": {
            "line": 456,
            "column": 62
          }
        },
        "170": {
          "start": {
            "line": 457,
            "column": 6
          },
          "end": {
            "line": 457,
            "column": 61
          }
        },
        "171": {
          "start": {
            "line": 459,
            "column": 4
          },
          "end": {
            "line": 459,
            "column": 31
          }
        },
        "172": {
          "start": {
            "line": 460,
            "column": 4
          },
          "end": {
            "line": 460,
            "column": 41
          }
        },
        "173": {
          "start": {
            "line": 463,
            "column": 4
          },
          "end": {
            "line": 466,
            "column": 21
          }
        },
        "174": {
          "start": {
            "line": 469,
            "column": 25
          },
          "end": {
            "line": 469,
            "column": 60
          }
        },
        "175": {
          "start": {
            "line": 470,
            "column": 4
          },
          "end": {
            "line": 470,
            "column": 28
          }
        },
        "176": {
          "start": {
            "line": 471,
            "column": 4
          },
          "end": {
            "line": 480,
            "column": 5
          }
        },
        "177": {
          "start": {
            "line": 473,
            "column": 6
          },
          "end": {
            "line": 477,
            "column": 8
          }
        },
        "178": {
          "start": {
            "line": 479,
            "column": 6
          },
          "end": {
            "line": 479,
            "column": 39
          }
        },
        "179": {
          "start": {
            "line": 481,
            "column": 4
          },
          "end": {
            "line": 481,
            "column": 42
          }
        },
        "180": {
          "start": {
            "line": 482,
            "column": 4
          },
          "end": {
            "line": 482,
            "column": 45
          }
        },
        "181": {
          "start": {
            "line": 483,
            "column": 4
          },
          "end": {
            "line": 483,
            "column": 52
          }
        },
        "182": {
          "start": {
            "line": 486,
            "column": 25
          },
          "end": {
            "line": 486,
            "column": 60
          }
        },
        "183": {
          "start": {
            "line": 487,
            "column": 4
          },
          "end": {
            "line": 492,
            "column": 5
          }
        },
        "184": {
          "start": {
            "line": 488,
            "column": 6
          },
          "end": {
            "line": 491,
            "column": 23
          }
        },
        "185": {
          "start": {
            "line": 493,
            "column": 4
          },
          "end": {
            "line": 493,
            "column": 48
          }
        },
        "186": {
          "start": {
            "line": 494,
            "column": 4
          },
          "end": {
            "line": 494,
            "column": 42
          }
        },
        "187": {
          "start": {
            "line": 495,
            "column": 4
          },
          "end": {
            "line": 495,
            "column": 45
          }
        },
        "188": {
          "start": {
            "line": 496,
            "column": 4
          },
          "end": {
            "line": 496,
            "column": 56
          }
        },
        "189": {
          "start": {
            "line": 500,
            "column": 24
          },
          "end": {
            "line": 502,
            "column": 1
          }
        },
        "190": {
          "start": {
            "line": 501,
            "column": 2
          },
          "end": {
            "line": 501,
            "column": 71
          }
        },
        "191": {
          "start": {
            "line": 504,
            "column": 20
          },
          "end": {
            "line": 510,
            "column": 1
          }
        },
        "192": {
          "start": {
            "line": 505,
            "column": 20
          },
          "end": {
            "line": 505,
            "column": 51
          }
        },
        "193": {
          "start": {
            "line": 506,
            "column": 22
          },
          "end": {
            "line": 508,
            "column": 4
          }
        },
        "194": {
          "start": {
            "line": 509,
            "column": 2
          },
          "end": {
            "line": 509,
            "column": 21
          }
        },
        "195": {
          "start": {
            "line": 512,
            "column": 24
          },
          "end": {
            "line": 515,
            "column": 1
          }
        },
        "196": {
          "start": {
            "line": 513,
            "column": 21
          },
          "end": {
            "line": 513,
            "column": 83
          }
        },
        "197": {
          "start": {
            "line": 514,
            "column": 2
          },
          "end": {
            "line": 514,
            "column": 33
          }
        },
        "198": {
          "start": {
            "line": 517,
            "column": 27
          },
          "end": {
            "line": 520,
            "column": 1
          }
        },
        "199": {
          "start": {
            "line": 518,
            "column": 21
          },
          "end": {
            "line": 518,
            "column": 83
          }
        },
        "200": {
          "start": {
            "line": 519,
            "column": 2
          },
          "end": {
            "line": 519,
            "column": 36
          }
        },
        "201": {
          "start": {
            "line": 522,
            "column": 17
          },
          "end": {
            "line": 525,
            "column": 1
          }
        },
        "202": {
          "start": {
            "line": 524,
            "column": 2
          },
          "end": {
            "line": 524,
            "column": 52
          }
        },
        "203": {
          "start": {
            "line": 528,
            "column": 21
          },
          "end": {
            "line": 528,
            "column": 83
          }
        },
        "204": {
          "start": {
            "line": 529,
            "column": 2
          },
          "end": {
            "line": 529,
            "column": 39
          }
        },
        "205": {
          "start": {
            "line": 533,
            "column": 2
          },
          "end": {
            "line": 533,
            "column": 46
          }
        },
        "206": {
          "start": {
            "line": 536,
            "column": 32
          },
          "end": {
            "line": 539,
            "column": 1
          }
        },
        "207": {
          "start": {
            "line": 538,
            "column": 2
          },
          "end": {
            "line": 538,
            "column": 67
          }
        },
        "208": {
          "start": {
            "line": 541,
            "column": 21
          },
          "end": {
            "line": 552,
            "column": 1
          }
        },
        "209": {
          "start": {
            "line": 542,
            "column": 23
          },
          "end": {
            "line": 542,
            "column": 58
          }
        },
        "210": {
          "start": {
            "line": 544,
            "column": 2
          },
          "end": {
            "line": 550,
            "column": 3
          }
        },
        "211": {
          "start": {
            "line": 548,
            "column": 4
          },
          "end": {
            "line": 548,
            "column": 46
          }
        },
        "212": {
          "start": {
            "line": 549,
            "column": 4
          },
          "end": {
            "line": 549,
            "column": 16
          }
        },
        "213": {
          "start": {
            "line": 551,
            "column": 2
          },
          "end": {
            "line": 551,
            "column": 15
          }
        },
        "214": {
          "start": {
            "line": 555,
            "column": 51
          },
          "end": {
            "line": 580,
            "column": 1
          }
        },
        "215": {
          "start": {
            "line": 557,
            "column": 33
          },
          "end": {
            "line": 557,
            "column": 95
          }
        },
        "216": {
          "start": {
            "line": 560,
            "column": 4
          },
          "end": {
            "line": 578,
            "column": 5
          }
        },
        "217": {
          "start": {
            "line": 561,
            "column": 6
          },
          "end": {
            "line": 577,
            "column": 9
          }
        },
        "218": {
          "start": {
            "line": 582,
            "column": 52
          },
          "end": {
            "line": 586,
            "column": 1
          }
        },
        "219": {
          "start": {
            "line": 584,
            "column": 4
          },
          "end": {
            "line": 584,
            "column": 68
          }
        },
        "220": {
          "start": {
            "line": 591,
            "column": 0
          },
          "end": {
            "line": 615,
            "column": 12
          }
        }
      },
      "fnMap": {
        "0": {
          "name": "(anonymous_0)",
          "decl": {
            "start": {
              "line": 10,
              "column": 2
            },
            "end": {
              "line": 10,
              "column": 3
            }
          },
          "loc": {
            "start": {
              "line": 10,
              "column": 26
            },
            "end": {
              "line": 14,
              "column": 3
            }
          },
          "line": 10
        },
        "1": {
          "name": "(anonymous_1)",
          "decl": {
            "start": {
              "line": 15,
              "column": 2
            },
            "end": {
              "line": 15,
              "column": 3
            }
          },
          "loc": {
            "start": {
              "line": 15,
              "column": 29
            },
            "end": {
              "line": 33,
              "column": 3
            }
          },
          "line": 15
        },
        "2": {
          "name": "(anonymous_2)",
          "decl": {
            "start": {
              "line": 37,
              "column": 2
            },
            "end": {
              "line": 37,
              "column": 3
            }
          },
          "loc": {
            "start": {
              "line": 37,
              "column": 32
            },
            "end": {
              "line": 61,
              "column": 3
            }
          },
          "line": 37
        },
        "3": {
          "name": "(anonymous_3)",
          "decl": {
            "start": {
              "line": 62,
              "column": 2
            },
            "end": {
              "line": 62,
              "column": 3
            }
          },
          "loc": {
            "start": {
              "line": 62,
              "column": 23
            },
            "end": {
              "line": 68,
              "column": 3
            }
          },
          "line": 62
        },
        "4": {
          "name": "(anonymous_4)",
          "decl": {
            "start": {
              "line": 72,
              "column": 2
            },
            "end": {
              "line": 72,
              "column": 3
            }
          },
          "loc": {
            "start": {
              "line": 72,
              "column": 32
            },
            "end": {
              "line": 80,
              "column": 3
            }
          },
          "line": 72
        },
        "5": {
          "name": "(anonymous_5)",
          "decl": {
            "start": {
              "line": 81,
              "column": 2
            },
            "end": {
              "line": 81,
              "column": 3
            }
          },
          "loc": {
            "start": {
              "line": 81,
              "column": 23
            },
            "end": {
              "line": 84,
              "column": 3
            }
          },
          "line": 81
        },
        "6": {
          "name": "(anonymous_6)",
          "decl": {
            "start": {
              "line": 88,
              "column": 2
            },
            "end": {
              "line": 88,
              "column": 3
            }
          },
          "loc": {
            "start": {
              "line": 88,
              "column": 32
            },
            "end": {
              "line": 96,
              "column": 3
            }
          },
          "line": 88
        },
        "7": {
          "name": "(anonymous_7)",
          "decl": {
            "start": {
              "line": 97,
              "column": 2
            },
            "end": {
              "line": 97,
              "column": 3
            }
          },
          "loc": {
            "start": {
              "line": 97,
              "column": 29
            },
            "end": {
              "line": 102,
              "column": 3
            }
          },
          "line": 97
        },
        "8": {
          "name": "(anonymous_8)",
          "decl": {
            "start": {
              "line": 106,
              "column": 2
            },
            "end": {
              "line": 106,
              "column": 3
            }
          },
          "loc": {
            "start": {
              "line": 106,
              "column": 32
            },
            "end": {
              "line": 117,
              "column": 3
            }
          },
          "line": 106
        },
        "9": {
          "name": "(anonymous_9)",
          "decl": {
            "start": {
              "line": 118,
              "column": 2
            },
            "end": {
              "line": 118,
              "column": 3
            }
          },
          "loc": {
            "start": {
              "line": 118,
              "column": 23
            },
            "end": {
              "line": 120,
              "column": 3
            }
          },
          "line": 118
        },
        "10": {
          "name": "(anonymous_10)",
          "decl": {
            "start": {
              "line": 124,
              "column": 2
            },
            "end": {
              "line": 124,
              "column": 3
            }
          },
          "loc": {
            "start": {
              "line": 124,
              "column": 32
            },
            "end": {
              "line": 133,
              "column": 3
            }
          },
          "line": 124
        },
        "11": {
          "name": "(anonymous_11)",
          "decl": {
            "start": {
              "line": 134,
              "column": 2
            },
            "end": {
              "line": 134,
              "column": 3
            }
          },
          "loc": {
            "start": {
              "line": 134,
              "column": 23
            },
            "end": {
              "line": 138,
              "column": 3
            }
          },
          "line": 134
        },
        "12": {
          "name": "(anonymous_12)",
          "decl": {
            "start": {
              "line": 142,
              "column": 2
            },
            "end": {
              "line": 142,
              "column": 3
            }
          },
          "loc": {
            "start": {
              "line": 142,
              "column": 32
            },
            "end": {
              "line": 154,
              "column": 3
            }
          },
          "line": 142
        },
        "13": {
          "name": "(anonymous_13)",
          "decl": {
            "start": {
              "line": 155,
              "column": 2
            },
            "end": {
              "line": 155,
              "column": 3
            }
          },
          "loc": {
            "start": {
              "line": 155,
              "column": 23
            },
            "end": {
              "line": 158,
              "column": 3
            }
          },
          "line": 155
        },
        "14": {
          "name": "(anonymous_14)",
          "decl": {
            "start": {
              "line": 162,
              "column": 2
            },
            "end": {
              "line": 162,
              "column": 3
            }
          },
          "loc": {
            "start": {
              "line": 162,
              "column": 32
            },
            "end": {
              "line": 174,
              "column": 3
            }
          },
          "line": 162
        },
        "15": {
          "name": "(anonymous_15)",
          "decl": {
            "start": {
              "line": 175,
              "column": 2
            },
            "end": {
              "line": 175,
              "column": 3
            }
          },
          "loc": {
            "start": {
              "line": 175,
              "column": 23
            },
            "end": {
              "line": 178,
              "column": 3
            }
          },
          "line": 175
        },
        "16": {
          "name": "(anonymous_16)",
          "decl": {
            "start": {
              "line": 182,
              "column": 2
            },
            "end": {
              "line": 182,
              "column": 3
            }
          },
          "loc": {
            "start": {
              "line": 182,
              "column": 26
            },
            "end": {
              "line": 187,
              "column": 3
            }
          },
          "line": 182
        },
        "17": {
          "name": "(anonymous_17)",
          "decl": {
            "start": {
              "line": 188,
              "column": 2
            },
            "end": {
              "line": 188,
              "column": 3
            }
          },
          "loc": {
            "start": {
              "line": 188,
              "column": 23
            },
            "end": {
              "line": 196,
              "column": 3
            }
          },
          "line": 188
        },
        "18": {
          "name": "(anonymous_18)",
          "decl": {
            "start": {
              "line": 199,
              "column": 2
            },
            "end": {
              "line": 199,
              "column": 3
            }
          },
          "loc": {
            "start": {
              "line": 199,
              "column": 26
            },
            "end": {
              "line": 210,
              "column": 3
            }
          },
          "line": 199
        },
        "19": {
          "name": "(anonymous_19)",
          "decl": {
            "start": {
              "line": 211,
              "column": 2
            },
            "end": {
              "line": 211,
              "column": 3
            }
          },
          "loc": {
            "start": {
              "line": 211,
              "column": 23
            },
            "end": {
              "line": 214,
              "column": 3
            }
          },
          "line": 211
        },
        "20": {
          "name": "(anonymous_20)",
          "decl": {
            "start": {
              "line": 218,
              "column": 2
            },
            "end": {
              "line": 218,
              "column": 3
            }
          },
          "loc": {
            "start": {
              "line": 218,
              "column": 32
            },
            "end": {
              "line": 227,
              "column": 3
            }
          },
          "line": 218
        },
        "21": {
          "name": "(anonymous_21)",
          "decl": {
            "start": {
              "line": 228,
              "column": 2
            },
            "end": {
              "line": 228,
              "column": 3
            }
          },
          "loc": {
            "start": {
              "line": 228,
              "column": 29
            },
            "end": {
              "line": 233,
              "column": 3
            }
          },
          "line": 228
        },
        "22": {
          "name": "(anonymous_22)",
          "decl": {
            "start": {
              "line": 237,
              "column": 2
            },
            "end": {
              "line": 237,
              "column": 3
            }
          },
          "loc": {
            "start": {
              "line": 237,
              "column": 32
            },
            "end": {
              "line": 246,
              "column": 3
            }
          },
          "line": 237
        },
        "23": {
          "name": "(anonymous_23)",
          "decl": {
            "start": {
              "line": 247,
              "column": 2
            },
            "end": {
              "line": 247,
              "column": 3
            }
          },
          "loc": {
            "start": {
              "line": 247,
              "column": 29
            },
            "end": {
              "line": 252,
              "column": 3
            }
          },
          "line": 247
        },
        "24": {
          "name": "(anonymous_24)",
          "decl": {
            "start": {
              "line": 259,
              "column": 2
            },
            "end": {
              "line": 259,
              "column": 3
            }
          },
          "loc": {
            "start": {
              "line": 259,
              "column": 26
            },
            "end": {
              "line": 261,
              "column": 3
            }
          },
          "line": 259
        },
        "25": {
          "name": "(anonymous_25)",
          "decl": {
            "start": {
              "line": 262,
              "column": 2
            },
            "end": {
              "line": 262,
              "column": 3
            }
          },
          "loc": {
            "start": {
              "line": 262,
              "column": 29
            },
            "end": {
              "line": 340,
              "column": 3
            }
          },
          "line": 262
        },
        "26": {
          "name": "(anonymous_26)",
          "decl": {
            "start": {
              "line": 344,
              "column": 2
            },
            "end": {
              "line": 344,
              "column": 3
            }
          },
          "loc": {
            "start": {
              "line": 344,
              "column": 32
            },
            "end": {
              "line": 350,
              "column": 3
            }
          },
          "line": 344
        },
        "27": {
          "name": "(anonymous_27)",
          "decl": {
            "start": {
              "line": 351,
              "column": 2
            },
            "end": {
              "line": 351,
              "column": 3
            }
          },
          "loc": {
            "start": {
              "line": 351,
              "column": 23
            },
            "end": {
              "line": 356,
              "column": 3
            }
          },
          "line": 351
        },
        "28": {
          "name": "(anonymous_28)",
          "decl": {
            "start": {
              "line": 360,
              "column": 2
            },
            "end": {
              "line": 360,
              "column": 3
            }
          },
          "loc": {
            "start": {
              "line": 360,
              "column": 26
            },
            "end": {
              "line": 365,
              "column": 3
            }
          },
          "line": 360
        },
        "29": {
          "name": "(anonymous_29)",
          "decl": {
            "start": {
              "line": 366,
              "column": 2
            },
            "end": {
              "line": 366,
              "column": 3
            }
          },
          "loc": {
            "start": {
              "line": 366,
              "column": 23
            },
            "end": {
              "line": 372,
              "column": 3
            }
          },
          "line": 366
        },
        "30": {
          "name": "(anonymous_30)",
          "decl": {
            "start": {
              "line": 376,
              "column": 2
            },
            "end": {
              "line": 376,
              "column": 3
            }
          },
          "loc": {
            "start": {
              "line": 376,
              "column": 26
            },
            "end": {
              "line": 381,
              "column": 3
            }
          },
          "line": 376
        },
        "31": {
          "name": "(anonymous_31)",
          "decl": {
            "start": {
              "line": 382,
              "column": 2
            },
            "end": {
              "line": 382,
              "column": 3
            }
          },
          "loc": {
            "start": {
              "line": 382,
              "column": 23
            },
            "end": {
              "line": 386,
              "column": 3
            }
          },
          "line": 382
        },
        "32": {
          "name": "(anonymous_32)",
          "decl": {
            "start": {
              "line": 393,
              "column": 2
            },
            "end": {
              "line": 393,
              "column": 3
            }
          },
          "loc": {
            "start": {
              "line": 393,
              "column": 14
            },
            "end": {
              "line": 395,
              "column": 3
            }
          },
          "line": 393
        },
        "33": {
          "name": "(anonymous_33)",
          "decl": {
            "start": {
              "line": 396,
              "column": 2
            },
            "end": {
              "line": 396,
              "column": 3
            }
          },
          "loc": {
            "start": {
              "line": 396,
              "column": 30
            },
            "end": {
              "line": 407,
              "column": 3
            }
          },
          "line": 396
        },
        "34": {
          "name": "(anonymous_34)",
          "decl": {
            "start": {
              "line": 413,
              "column": 2
            },
            "end": {
              "line": 413,
              "column": 3
            }
          },
          "loc": {
            "start": {
              "line": 413,
              "column": 51
            },
            "end": {
              "line": 428,
              "column": 3
            }
          },
          "line": 413
        },
        "35": {
          "name": "(anonymous_35)",
          "decl": {
            "start": {
              "line": 429,
              "column": 2
            },
            "end": {
              "line": 429,
              "column": 3
            }
          },
          "loc": {
            "start": {
              "line": 429,
              "column": 36
            },
            "end": {
              "line": 461,
              "column": 3
            }
          },
          "line": 429
        },
        "36": {
          "name": "(anonymous_36)",
          "decl": {
            "start": {
              "line": 462,
              "column": 2
            },
            "end": {
              "line": 462,
              "column": 3
            }
          },
          "loc": {
            "start": {
              "line": 462,
              "column": 36
            },
            "end": {
              "line": 467,
              "column": 3
            }
          },
          "line": 462
        },
        "37": {
          "name": "(anonymous_37)",
          "decl": {
            "start": {
              "line": 468,
              "column": 2
            },
            "end": {
              "line": 468,
              "column": 3
            }
          },
          "loc": {
            "start": {
              "line": 468,
              "column": 31
            },
            "end": {
              "line": 484,
              "column": 3
            }
          },
          "line": 468
        },
        "38": {
          "name": "(anonymous_38)",
          "decl": {
            "start": {
              "line": 485,
              "column": 2
            },
            "end": {
              "line": 485,
              "column": 3
            }
          },
          "loc": {
            "start": {
              "line": 485,
              "column": 35
            },
            "end": {
              "line": 497,
              "column": 3
            }
          },
          "line": 485
        },
        "39": {
          "name": "(anonymous_39)",
          "decl": {
            "start": {
              "line": 500,
              "column": 24
            },
            "end": {
              "line": 500,
              "column": 25
            }
          },
          "loc": {
            "start": {
              "line": 500,
              "column": 70
            },
            "end": {
              "line": 502,
              "column": 1
            }
          },
          "line": 500
        },
        "40": {
          "name": "(anonymous_40)",
          "decl": {
            "start": {
              "line": 504,
              "column": 20
            },
            "end": {
              "line": 504,
              "column": 21
            }
          },
          "loc": {
            "start": {
              "line": 504,
              "column": 39
            },
            "end": {
              "line": 510,
              "column": 1
            }
          },
          "line": 504
        },
        "41": {
          "name": "(anonymous_41)",
          "decl": {
            "start": {
              "line": 512,
              "column": 24
            },
            "end": {
              "line": 512,
              "column": 25
            }
          },
          "loc": {
            "start": {
              "line": 512,
              "column": 48
            },
            "end": {
              "line": 515,
              "column": 1
            }
          },
          "line": 512
        },
        "42": {
          "name": "(anonymous_42)",
          "decl": {
            "start": {
              "line": 517,
              "column": 27
            },
            "end": {
              "line": 517,
              "column": 28
            }
          },
          "loc": {
            "start": {
              "line": 517,
              "column": 51
            },
            "end": {
              "line": 520,
              "column": 1
            }
          },
          "line": 517
        },
        "43": {
          "name": "(anonymous_43)",
          "decl": {
            "start": {
              "line": 522,
              "column": 17
            },
            "end": {
              "line": 522,
              "column": 18
            }
          },
          "loc": {
            "start": {
              "line": 522,
              "column": 35
            },
            "end": {
              "line": 525,
              "column": 1
            }
          },
          "line": 522
        },
        "44": {
          "name": "getIndex",
          "decl": {
            "start": {
              "line": 527,
              "column": 15
            },
            "end": {
              "line": 527,
              "column": 23
            }
          },
          "loc": {
            "start": {
              "line": 527,
              "column": 38
            },
            "end": {
              "line": 530,
              "column": 1
            }
          },
          "line": 527
        },
        "45": {
          "name": "setNextIndex",
          "decl": {
            "start": {
              "line": 532,
              "column": 15
            },
            "end": {
              "line": 532,
              "column": 27
            }
          },
          "loc": {
            "start": {
              "line": 532,
              "column": 42
            },
            "end": {
              "line": 534,
              "column": 1
            }
          },
          "line": 532
        },
        "46": {
          "name": "(anonymous_46)",
          "decl": {
            "start": {
              "line": 536,
              "column": 32
            },
            "end": {
              "line": 536,
              "column": 33
            }
          },
          "loc": {
            "start": {
              "line": 536,
              "column": 50
            },
            "end": {
              "line": 539,
              "column": 1
            }
          },
          "line": 536
        },
        "47": {
          "name": "(anonymous_47)",
          "decl": {
            "start": {
              "line": 541,
              "column": 21
            },
            "end": {
              "line": 541,
              "column": 22
            }
          },
          "loc": {
            "start": {
              "line": 541,
              "column": 45
            },
            "end": {
              "line": 552,
              "column": 1
            }
          },
          "line": 541
        },
        "48": {
          "name": "(anonymous_48)",
          "decl": {
            "start": {
              "line": 556,
              "column": 2
            },
            "end": {
              "line": 556,
              "column": 3
            }
          },
          "loc": {
            "start": {
              "line": 556,
              "column": 30
            },
            "end": {
              "line": 579,
              "column": 3
            }
          },
          "line": 556
        },
        "49": {
          "name": "(anonymous_49)",
          "decl": {
            "start": {
              "line": 583,
              "column": 2
            },
            "end": {
              "line": 583,
              "column": 3
            }
          },
          "loc": {
            "start": {
              "line": 583,
              "column": 30
            },
            "end": {
              "line": 585,
              "column": 3
            }
          },
          "line": 583
        }
      },
      "branchMap": {
        "0": {
          "loc": {
            "start": {
              "line": 21,
              "column": 4
            },
            "end": {
              "line": 27,
              "column": 5
            }
          },
          "type": "if",
          "locations": [
            {
              "start": {
                "line": 21,
                "column": 4
              },
              "end": {
                "line": 27,
                "column": 5
              }
            },
            {
              "start": {
                "line": 21,
                "column": 4
              },
              "end": {
                "line": 27,
                "column": 5
              }
            }
          ],
          "line": 21
        },
        "1": {
          "loc": {
            "start": {
              "line": 40,
              "column": 4
            },
            "end": {
              "line": 46,
              "column": 5
            }
          },
          "type": "if",
          "locations": [
            {
              "start": {
                "line": 40,
                "column": 4
              },
              "end": {
                "line": 46,
                "column": 5
              }
            },
            {
              "start": {
                "line": 40,
                "column": 4
              },
              "end": {
                "line": 46,
                "column": 5
              }
            }
          ],
          "line": 40
        },
        "2": {
          "loc": {
            "start": {
              "line": 42,
              "column": 8
            },
            "end": {
              "line": 44,
              "column": 78
            }
          },
          "type": "binary-expr",
          "locations": [
            {
              "start": {
                "line": 42,
                "column": 8
              },
              "end": {
                "line": 43,
                "column": 25
              }
            },
            {
              "start": {
                "line": 44,
                "column": 8
              },
              "end": {
                "line": 44,
                "column": 78
              }
            }
          ],
          "line": 42
        },
        "3": {
          "loc": {
            "start": {
              "line": 47,
              "column": 4
            },
            "end": {
              "line": 52,
              "column": 5
            }
          },
          "type": "if",
          "locations": [
            {
              "start": {
                "line": 47,
                "column": 4
              },
              "end": {
                "line": 52,
                "column": 5
              }
            },
            {
              "start": {
                "line": 47,
                "column": 4
              },
              "end": {
                "line": 52,
                "column": 5
              }
            }
          ],
          "line": 47
        },
        "4": {
          "loc": {
            "start": {
              "line": 54,
              "column": 4
            },
            "end": {
              "line": 60,
              "column": 5
            }
          },
          "type": "if",
          "locations": [
            {
              "start": {
                "line": 54,
                "column": 4
              },
              "end": {
                "line": 60,
                "column": 5
              }
            },
            {
              "start": {
                "line": 54,
                "column": 4
              },
              "end": {
                "line": 60,
                "column": 5
              }
            }
          ],
          "line": 54
        },
        "5": {
          "loc": {
            "start": {
              "line": 76,
              "column": 6
            },
            "end": {
              "line": 78,
              "column": 78
            }
          },
          "type": "binary-expr",
          "locations": [
            {
              "start": {
                "line": 76,
                "column": 6
              },
              "end": {
                "line": 76,
                "column": 37
              }
            },
            {
              "start": {
                "line": 77,
                "column": 6
              },
              "end": {
                "line": 77,
                "column": 76
              }
            },
            {
              "start": {
                "line": 78,
                "column": 6
              },
              "end": {
                "line": 78,
                "column": 78
              }
            }
          ],
          "line": 76
        },
        "6": {
          "loc": {
            "start": {
              "line": 92,
              "column": 6
            },
            "end": {
              "line": 94,
              "column": 77
            }
          },
          "type": "binary-expr",
          "locations": [
            {
              "start": {
                "line": 92,
                "column": 6
              },
              "end": {
                "line": 92,
                "column": 37
              }
            },
            {
              "start": {
                "line": 93,
                "column": 6
              },
              "end": {
                "line": 93,
                "column": 76
              }
            },
            {
              "start": {
                "line": 94,
                "column": 6
              },
              "end": {
[...]
            {
              "start": {
                "line": 223,
                "column": 6
              },
              "end": {
                "line": 223,
                "column": 76
              }
            },
            {
              "start": {
                "line": 224,
                "column": 6
              },
              "end": {
                "line": 225,
                "column": 29
              }
            }
          ],
          "line": 222
        },
        "14": {
          "loc": {
            "start": {
              "line": 241,
              "column": 6
            },
            "end": {
              "line": 244,
              "column": 30
            }
          },
          "type": "binary-expr",
          "locations": [
            {
              "start": {
                "line": 241,
                "column": 6
              },
              "end": {
                "line": 241,
                "column": 36
              }
            },
            {
              "start": {
                "line": 242,
                "column": 6
              },
              "end": {
                "line": 242,
                "column": 76
              }
            },
            {
              "start": {
                "line": 243,
                "column": 6
              },
              "end": {
                "line": 244,
                "column": 30
              }
            }
          ],
          "line": 241
        },
        "15": {
          "loc": {
            "start": {
              "line": 269,
              "column": 4
            },
            "end": {
              "line": 337,
              "column": 5
            }
          },
          "type": "switch",
          "locations": [
            {
              "start": {
                "line": 270,
                "column": 6
              },
              "end": {
                "line": 275,
                "column": 14
              }
            },
            {
              "start": {
                "line": 276,
                "column": 6
              },
              "end": {
                "line": 282,
                "column": 14
              }
            },
            {
              "start": {
                "line": 283,
                "column": 6
              },
              "end": {
                "line": 289,
                "column": 14
              }
            },
            {
              "start": {
                "line": 290,
                "column": 6
              },
              "end": {
                "line": 326,
                "column": 14
              }
            },
            {
              "start": {
                "line": 327,
                "column": 6
              },
              "end": {
                "line": 334,
                "column": 49
              }
            },
            {
              "start": {
                "line": 335,
                "column": 6
              },
              "end": {
                "line": 336,
                "column": 52
              }
            }
          ],
          "line": 269
        },
        "16": {
          "loc": {
            "start": {
              "line": 292,
              "column": 10
            },
            "end": {
              "line": 294,
              "column": 11
            }
          },
          "type": "if",
          "locations": [
            {
              "start": {
                "line": 292,
                "column": 10
              },
              "end": {
                "line": 294,
                "column": 11
              }
            },
            {
              "start": {
                "line": 292,
                "column": 10
              },
              "end": {
                "line": 294,
                "column": 11
              }
            }
          ],
          "line": 292
        },
        "17": {
          "loc": {
            "start": {
              "line": 295,
              "column": 10
            },
            "end": {
              "line": 324,
              "column": 11
            }
          },
          "type": "if",
          "locations": [
            {
              "start": {
                "line": 295,
                "column": 10
              },
              "end": {
                "line": 324,
                "column": 11
              }
            },
            {
              "start": {
                "line": 295,
                "column": 10
              },
              "end": {
                "line": 324,
                "column": 11
              }
            }
          ],
          "line": 295
        },
        "18": {
          "loc": {
            "start": {
              "line": 306,
              "column": 12
            },
            "end": {
              "line": 310,
              "column": 13
            }
          },
          "type": "if",
          "locations": [
            {
              "start": {
                "line": 306,
                "column": 12
              },
              "end": {
                "line": 310,
                "column": 13
              }
            },
            {
              "start": {
                "line": 306,
                "column": 12
              },
              "end": {
                "line": 310,
                "column": 13
              }
            }
          ],
          "line": 306
        },
        "19": {
          "loc": {
            "start": {
              "line": 346,
              "column": 6
            },
            "end": {
              "line": 347,
              "column": 34
            }
          },
          "type": "binary-expr",
          "locations": [
            {
              "start": {
                "line": 346,
                "column": 6
              },
              "end": {
                "line": 347,
                "column": 28
              }
            },
            {
              "start": {
                "line": 347,
                "column": 32
              },
              "end": {
                "line": 347,
                "column": 34
              }
            }
          ],
          "line": 346
        },
        "20": {
          "loc": {
            "start": {
              "line": 346,
              "column": 7
            },
            "end": {
              "line": 346,
              "column": 79
            }
          },
          "type": "binary-expr",
          "locations": [
            {
              "start": {
                "line": 346,
                "column": 7
              },
              "end": {
                "line": 346,
                "column": 73
              }
            },
            {
              "start": {
                "line": 346,
                "column": 77
              },
              "end": {
                "line": 346,
                "column": 79
              }
            }
          ],
          "line": 346
        },
        "21": {
          "loc": {
            "start": {
              "line": 346,
              "column": 8
            },
            "end": {
              "line": 346,
              "column": 65
            }
          },
          "type": "binary-expr",
          "locations": [
            {
              "start": {
                "line": 346,
                "column": 8
              },
              "end": {
                "line": 346,
                "column": 59
              }
            },
            {
              "start": {
                "line": 346,
                "column": 63
              },
              "end": {
                "line": 346,
                "column": 65
              }
            }
          ],
          "line": 346
        },
        "22": {
          "loc": {
            "start": {
              "line": 346,
              "column": 9
            },
            "end": {
              "line": 346,
              "column": 51
            }
          },
          "type": "binary-expr",
          "locations": [
            {
              "start": {
                "line": 346,
                "column": 9
              },
              "end": {
                "line": 346,
                "column": 45
              }
            },
            {
              "start": {
                "line": 346,
                "column": 49
              },
              "end": {
                "line": 346,
                "column": 51
              }
            }
          ],
          "line": 346
        },
        "23": {
          "loc": {
            "start": {
              "line": 454,
              "column": 4
            },
            "end": {
              "line": 458,
              "column": 5
            }
          },
          "type": "if",
          "locations": [
            {
              "start": {
                "line": 454,
                "column": 4
              },
              "end": {
                "line": 458,
                "column": 5
              }
            },
            {
              "start": {
                "line": 454,
                "column": 4
              },
              "end": {
                "line": 458,
                "column": 5
              }
            }
          ],
          "line": 454
        },
        "24": {
          "loc": {
            "start": {
              "line": 471,
              "column": 4
            },
            "end": {
              "line": 480,
              "column": 5
            }
          },
          "type": "if",
          "locations": [
            {
              "start": {
                "line": 471,
                "column": 4
              },
              "end": {
                "line": 480,
                "column": 5
              }
            },
            {
              "start": {
                "line": 471,
                "column": 4
              },
              "end": {
                "line": 480,
                "column": 5
              }
            }
          ],
          "line": 471
        },
        "25": {
          "loc": {
            "start": {
              "line": 487,
              "column": 4
            },
            "end": {
              "line": 492,
              "column": 5
            }
          },
          "type": "if",
          "locations": [
            {
              "start": {
                "line": 487,
                "column": 4
              },
              "end": {
                "line": 492,
                "column": 5
              }
            },
            {
              "start": {
                "line": 487,
                "column": 4
              },
              "end": {
                "line": 492,
                "column": 5
              }
            }
          ],
          "line": 487
        },
        "26": {
          "loc": {
            "start": {
              "line": 544,
              "column": 2
            },
            "end": {
              "line": 550,
              "column": 3
            }
          },
          "type": "if",
          "locations": [
            {
              "start": {
                "line": 544,
                "column": 2
              },
              "end": {
                "line": 550,
                "column": 3
              }
            },
            {
              "start": {
                "line": 544,
                "column": 2
              },
              "end": {
                "line": 550,
                "column": 3
              }
            }
          ],
          "line": 544
        },
        "27": {
          "loc": {
            "start": {
              "line": 545,
              "column": 4
            },
            "end": {
              "line": 546,
              "column": 37
            }
          },
          "type": "binary-expr",
          "locations": [
            {
              "start": {
                "line": 545,
                "column": 4
              },
              "end": {
                "line": 545,
                "column": 74
              }
            },
            {
              "start": {
                "line": 546,
                "column": 4
              },
              "end": {
                "line": 546,
                "column": 37
              }
            }
          ],
          "line": 545
        },
        "28": {
          "loc": {
            "start": {
              "line": 560,
              "column": 4
            },
            "end": {
              "line": 578,
              "column": 5
            }
          },
          "type": "if",
          "locations": [
            {
              "start": {
                "line": 560,
                "column": 4
              },
              "end": {
                "line": 578,
                "column": 5
              }
            },
            {
              "start": {
                "line": 560,
                "column": 4
              },
              "end": {
                "line": 578,
                "column": 5
              }
            }
          ],
          "line": 560
        }
      },
      "s": {
        "0": 1,
        "1": 1,
        "2": 1,
        "3": 1,
        "4": 1,
        "5": 27,
        "6": 1,
        "7": 1,
        "8": 1,
        "9": 1,
        "10": 1,
        "11": 0,
        "12": 0,
        "13": 0,
        "14": 1,
        "15": 1,
        "16": 26,
        "17": 26,
        "18": 3,
        "19": 23,
        "20": 0,
        "21": 23,
        "22": 10,
        "23": 3,
        "24": 3,
        "25": 3,
        "26": 3,
        "27": 1,
        "28": 23,
        "29": 23,
        "30": 0,
        "31": 0,
        "32": 1,
        "33": 23,
        "34": 23,
        "35": 0,
        "36": 0,
        "37": 0,
        "38": 0,
        "39": 1,
        "40": 21,
        "41": 21,
        "42": 2,
        "43": 1,
        "44": 23,
        "45": 23,
        "46": 0,
        "47": 0,
        "48": 0,
        "49": 1,
        "50": 23,
        "51": 23,
        "52": 1,
        "53": 1,
        "54": 1,
        "55": 22,
        "56": 22,
        "57": 1,
        "58": 1,
        "59": 1,
        "60": 23,
        "61": 0,
        "62": 0,
        "63": 1,
        "64": 19,
        "65": 5,
        "66": 5,
        "67": 1,
        "68": 23,
        "69": 23,
        "70": 0,
        "71": 0,
        "72": 0,
        "73": 1,
        "74": 23,
        "75": 23,
        "76": 0,
        "77": 0,
        "78": 0,
        "79": 1,
        "80": 14,
        "81": 14,
        "82": 14,
        "83": 14,
        "84": 14,
        "85": 14,
        "86": 14,
        "87": 7,
        "88": 7,
        "89": 7,
        "90": 7,
        "91": 7,
        "92": 0,
        "93": 0,
        "94": 0,
        "95": 0,
        "96": 0,
        "97": 7,
        "98": 7,
        "99": 7,
        "100": 7,
        "101": 0,
        "102": 0,
        "103": 0,
        "104": 0,
        "105": 0,
        "106": 0,
        "107": 0,
        "108": 0,
        "109": 0,
        "110": 0,
        "111": 0,
        "112": 0,
        "113": 0,
        "114": 0,
        "115": 0,
        "116": 0,
        "117": 0,
        "118": 0,
        "119": 0,
        "120": 0,
        "121": 14,
        "122": 1,
        "123": 27,
        "124": 27,
        "125": 0,
        "126": 1,
        "127": 26,
        "128": 0,
        "129": 0,
        "130": 0,
        "131": 1,
        "132": 14,
        "133": 0,
        "134": 0,
        "135": 1,
        "136": 0,
        "137": 0,
        "138": 0,
        "139": 0,
        "140": 0,
        "141": 0,
        "142": 1,
        "143": 3,
        "144": 3,
        "145": 3,
        "146": 3,
        "147": 3,
        "148": 3,
        "149": 3,
        "150": 3,
        "151": 3,
        "152": 3,
        "153": 7,
        "154": 7,
        "155": 7,
        "156": 7,
        "157": 7,
        "158": 7,
        "159": 7,
        "160": 7,
        "161": 7,
        "162": 7,
        "163": 7,
        "164": 7,
        "165": 7,
        "166": 7,
        "167": 7,
        "168": 5,
        "169": 5,
        "170": 5,
        "171": 7,
        "172": 7,
        "173": 5,
        "174": 1,
        "175": 1,
        "176": 1,
        "177": 0,
        "178": 1,
        "179": 1,
        "180": 1,
        "181": 1,
        "182": 1,
        "183": 1,
        "184": 0,
        "185": 1,
        "186": 1,
        "187": 1,
        "188": 1,
        "189": 1,
        "190": 3,
        "191": 1,
        "192": 7,
        "193": 7,
        "194": 7,
        "195": 1,
        "196": 241,
        "197": 241,
        "198": 1,
        "199": 0,
        "200": 0,
        "201": 1,
        "202": 14,
        "203": 14,
        "204": 14,
        "205": 1,
        "206": 1,
        "207": 7,
        "208": 1,
        "209": 7,
        "210": 7,
        "211": 5,
        "212": 5,
        "213": 2,
        "214": 1,
        "215": 27,
        "216": 27,
        "217": 1,
        "218": 1,
        "219": 27,
        "220": 1
      },
      "f": {
        "0": 27,
        "1": 1,
        "2": 26,
        "3": 3,
        "4": 23,
        "5": 0,
        "6": 23,
        "7": 0,
        "8": 21,
        "9": 2,
        "10": 23,
        "11": 0,
        "12": 23,
        "13": 1,
        "14": 22,
        "15": 1,
        "16": 23,
        "17": 0,
        "18": 19,
        "19": 5,
        "20": 23,
        "21": 0,
        "22": 23,
        "23": 0,
        "24": 14,
        "25": 14,
        "26": 27,
        "27": 0,
        "28": 26,
        "29": 0,
        "30": 14,
        "31": 0,
        "32": 0,
        "33": 0,
        "34": 3,
        "35": 7,
        "36": 5,
        "37": 1,
        "38": 1,
        "39": 3,
        "40": 7,
        "41": 241,
        "42": 0,
        "43": 14,
        "44": 14,
        "45": 1,
        "46": 7,
        "47": 7,
        "48": 27,
        "49": 27
      },
      "b": {
        "0": [
          0,
          1
        ],
        "1": [
          3,
          23
        ],
        "2": [
          3,
          2
        ],
        "3": [
          0,
          23
        ],
        "4": [
          10,
          13
        ],
        "5": [
          23,
          2,
          1
        ],
        "6": [
          23,
          2,
          1
        ],
        "7": [
          21,
          19,
          6,
          6
        ],
        "8": [
          23,
          21,
          8
        ],
        "9": [
          23,
          21,
          21,
          8
        ],
        "10": [
          22,
          20,
          20,
          7
        ],
        "11": [
          23,
          9
        ],
        "12": [
          19,
          5,
          5,
          1
        ],
        "13": [
          23,
          21,
          8
        ],
        "14": [
          23,
          21,
          8
        ],
        "15": [
          7,
          0,
          7,
          0,
          0,
          0
        ],
        "16": [
          0,
          0
        ],
        "17": [
          0,
          0
        ],
        "18": [
          0,
          0
        ],
        "19": [
          27,
          0
        ],
        "20": [
          27,
          0
        ],
        "21": [
          27,
          0
        ],
        "22": [
          27,
          0
        ],
        "23": [
          5,
          2
        ],
        "24": [
          0,
          1
        ],
        "25": [
          0,
          1
        ],
        "26": [
          5,
          2
        ],
        "27": [
          7,
          7
        ],
        "28": [
          1,
          26
        ]
      },
      "_coverageSchema": "43e27e138ebf9cfc5966b082cf9a028302ed4184",
      "hash": "46b999f8484f45dbc6d0c9c80ea1b34c5397b838"
    }
  }
}